2026-04-14T16:34:49.426536672Z [inf]  Starting Container
2026-04-14T16:37:12.522063894Z [inf]  [DEBUG] main.py starting...
2026-04-14T16:37:12.522069989Z [inf]  [MAIN] Initializing database...
2026-04-14T16:37:12.522078298Z [inf]  [DB] Schema initialized successfully
2026-04-14T16:37:12.522262003Z [inf]  
2026-04-14T16:37:12.522269310Z [inf]  ============================================================
2026-04-14T16:37:12.522276134Z [inf]    Polymarket Copy Trader — DRY RUN MODE
2026-04-14T16:37:12.522282209Z [inf]    Scoring:         every other day at 23:00 UTC
2026-04-14T16:37:12.522288195Z [inf]    Normal poll:     every 120s (detection only)
2026-04-14T16:37:12.522294885Z [inf]    Active poll:     every 30s (order execution)
2026-04-14T16:37:12.522302516Z [inf]    Reconciliation:  every 300s (orphan cleanup)
2026-04-14T16:37:12.522308261Z [inf]    Summary:         daily at 20:00 UTC
2026-04-14T16:37:12.522314311Z [inf]  ============================================================
2026-04-14T16:37:12.522320860Z [inf]  
2026-04-14T16:37:12.522327034Z [inf]  
2026-04-14T16:37:12.522335700Z [inf]  ============================================================
2026-04-14T16:37:12.522341600Z [inf]  [SCHEDULER] Scoring run at 2026-04-14T16:34:49.766227+00:00
2026-04-14T16:37:12.522347632Z [inf]  ============================================================
2026-04-14T16:37:12.522354756Z [inf]  ============================================================
2026-04-14T16:37:12.522360239Z [inf]  [SCORER] Starting full trader scoring pipeline
2026-04-14T16:37:12.522365769Z [inf]  ============================================================
2026-04-14T16:37:12.522377295Z [inf]  [DISCOVER] Fetching OVERALL / MONTH...
2026-04-14T16:37:12.522461728Z [inf]    → 300 traders, 300 unique total
2026-04-14T16:37:12.522469637Z [inf]  [DISCOVER] Fetching OVERALL / ALL...
2026-04-14T16:37:12.522476456Z [inf]    → 300 traders, 508 unique total
2026-04-14T16:37:12.522484093Z [inf]  [DISCOVER] Fetching POLITICS / MONTH...
2026-04-14T16:37:12.522810700Z [inf]  [DISCOVER] Fetching ECONOMICS / MONTH...
2026-04-14T16:37:12.522821140Z [inf]    → 300 traders, 1673 unique total
2026-04-14T16:37:12.522830419Z [inf]  [DISCOVER] Fetching ECONOMICS / ALL...
2026-04-14T16:37:12.522832609Z [inf]  [DISCOVER] Fetching SPORTS / ALL...
2026-04-14T16:37:12.522837898Z [inf]  [POLL-ACTIVE] Checking 4 active traders...
2026-04-14T16:37:12.522843368Z [inf]    → 300 traders, 1050 unique total
2026-04-14T16:37:12.522849723Z [inf]  [DISCOVER] Fetching CRYPTO / MONTH...
2026-04-14T16:37:12.522853972Z [inf]  [DISCOVER] Fetching CRYPTO / ALL...
2026-04-14T16:37:12.522856234Z [inf]    → 300 traders, 1297 unique total
2026-04-14T16:37:12.522861416Z [inf]    → 300 traders, 1465 unique total
2026-04-14T16:37:12.522885619Z [inf]    → 300 traders, 715 unique total
2026-04-14T16:37:12.522891954Z [inf]  [DISCOVER] Fetching POLITICS / ALL...
2026-04-14T16:37:12.522899000Z [inf]    → 300 traders, 857 unique total
2026-04-14T16:37:12.522905342Z [inf]  [DISCOVER] Fetching SPORTS / MONTH...
2026-04-14T16:37:12.522911882Z [inf]    → 300 traders, 971 unique total
2026-04-14T16:37:12.522972865Z [inf]  [POLL-ACTIVE] Account balance: $44.99
2026-04-14T16:37:12.522980880Z [inf]  [POLL] 0xd13c1B0D56e2671C7eCa9BF3CDa75C86140602f4-1768221888770: API=16 positions, DB=16 tracked
2026-04-14T16:37:12.522987413Z [inf]  [POLL] 0xd13c1B0D56e2671C7eCa9BF3CDa75C86140602f4-1768221888770: new=0, exits=0, partial_entries=0, partial_exits=0
2026-04-14T16:37:12.522993134Z [inf]  [POLL] da4c07: API=5 positions, DB=5 tracked
2026-04-14T16:37:12.522998697Z [inf]  [POLL] da4c07: new=0, exits=0, partial_entries=0, partial_exits=0
2026-04-14T16:37:12.523004778Z [inf]  [POLL] bearbees2: API=29 positions, DB=29 tracked
2026-04-14T16:37:12.523010237Z [inf]  [POLL] bearbees2: new=0, exits=0, partial_entries=0, partial_exits=0
2026-04-14T16:37:12.523016344Z [inf]  [POLL] Moond: API=39 positions, DB=39 tracked
2026-04-14T16:37:12.526212016Z [inf]  [POLL] bearbees2: API=29 positions, DB=29 tracked
2026-04-14T16:37:12.526219699Z [inf]  [POLL] bearbees2: new=0, exits=0, partial_entries=0, partial_exits=0
2026-04-14T16:37:12.526230507Z [inf]  [POLL] da4c07: API=5 positions, DB=5 tracked
2026-04-14T16:37:12.526232022Z [inf]  [POLL] 0xd13c1B0D56e2671C7eCa9BF3CDa75C86140602f4-1768221888770: API=16 positions, DB=16 tracked
2026-04-14T16:37:12.526240950Z [inf]  [POLL] 0xd13c1B0D56e2671C7eCa9BF3CDa75C86140602f4-1768221888770: new=0, exits=0, partial_entries=0, partial_exits=0
2026-04-14T16:37:12.526242321Z [inf]  [POLL] da4c07: new=0, exits=0, partial_entries=0, partial_exits=0
2026-04-14T16:37:12.526246411Z [inf]  [SCORER] Discovered 2633 unique traders
2026-04-14T16:37:12.526259145Z [inf]  [POLL] Moond: new=0, exits=0, partial_entries=0, partial_exits=0
2026-04-14T16:37:12.526260753Z [inf]  [POLL-ACTIVE] Checking 4 active traders...
2026-04-14T16:37:12.526268740Z [inf]  [DIAG] needs_order gate: mode=active live_trading=False dry_run=True kill_switch_enabled=True
2026-04-14T16:37:12.526272945Z [inf]  [POLL-ACTIVE] Account balance: $44.99
2026-04-14T16:37:12.526273749Z [inf]  [POLL-ACTIVE] Cycle complete at 2026-04-14T16:35:22.278328+00:00
2026-04-14T16:37:12.526279957Z [inf]    → 300 traders, 1809 unique total
2026-04-14T16:37:12.526285461Z [inf]  [DISCOVER] Fetching FINANCE / MONTH...
2026-04-14T16:37:12.526292787Z [inf]    → 300 traders, 2061 unique total
2026-04-14T16:37:12.526297412Z [inf]  [DISCOVER] Fetching FINANCE / ALL...
2026-04-14T16:37:12.526301389Z [inf]    → 300 traders, 2237 unique total
2026-04-14T16:37:12.526305652Z [inf]  [DISCOVER] Fetching TECH / MONTH...
2026-04-14T16:37:12.526311347Z [inf]    → 300 traders, 2485 unique total
2026-04-14T16:37:12.526317704Z [inf]  [DISCOVER] Fetching TECH / ALL...
2026-04-14T16:37:12.526322608Z [inf]    → 300 traders, 2633 unique total
2026-04-14T16:37:12.526327324Z [inf]  
2026-04-14T16:37:12.528441148Z [inf]  [POLL-ACTIVE] Checking 4 active traders...
2026-04-14T16:37:12.528449273Z [inf]  [POLL-ACTIVE] Account balance: $44.99
2026-04-14T16:37:12.528452586Z [inf]  [POLL] Moond: API=39 positions, DB=39 tracked
2026-04-14T16:37:12.528457064Z [inf]  [POLL-ACTIVE] Cycle complete at 2026-04-14T16:36:22.367385+00:00
2026-04-14T16:37:12.528458276Z [inf]  [POLL] 0xd13c1B0D56e2671C7eCa9BF3CDa75C86140602f4-1768221888770: API=16 positions, DB=16 tracked
2026-04-14T16:37:12.528461519Z [inf]  [POLL] Moond: new=0, exits=0, partial_entries=0, partial_exits=0
2026-04-14T16:37:12.528467357Z [inf]  [POLL] 0xd13c1B0D56e2671C7eCa9BF3CDa75C86140602f4-1768221888770: new=0, exits=0, partial_entries=0, partial_exits=0
2026-04-14T16:37:12.528469619Z [inf]  [DIAG] needs_order gate: mode=active live_trading=False dry_run=True kill_switch_enabled=True
2026-04-14T16:37:12.528473937Z [inf]  [POLL-NORMAL] Checking 25 followed traders...
2026-04-14T16:37:12.528480520Z [inf]  [POLL-ACTIVE] Checking 4 active traders...
2026-04-14T16:37:12.528485979Z [inf]  [POLL-ACTIVE] Account balance: $44.99
2026-04-14T16:37:12.528491438Z [inf]  [POLL] DrinkSarsi: API=11 positions, DB=11 tracked
2026-04-14T16:37:12.528501881Z [inf]  [POLL] Moond: API=39 positions, DB=39 tracked
2026-04-14T16:37:12.528508148Z [inf]  [POLL] da4c07: API=5 positions, DB=5 tracked
2026-04-14T16:37:12.528509277Z [inf]  [POLL] Moond: new=0, exits=0, partial_entries=0, partial_exits=0
2026-04-14T16:37:12.528517262Z [inf]  [DIAG] needs_order gate: mode=active live_trading=False dry_run=True kill_switch_enabled=True
2026-04-14T16:37:12.528524998Z [inf]  [POLL-ACTIVE] Cycle complete at 2026-04-14T16:35:52.539552+00:00
2026-04-14T16:37:12.528525565Z [inf]  [POLL] da4c07: new=0, exits=0, partial_entries=0, partial_exits=0
2026-04-14T16:37:12.528542609Z [inf]  [POLL] bearbees2: API=29 positions, DB=29 tracked
2026-04-14T16:37:12.528554239Z [inf]  [POLL] bearbees2: new=0, exits=0, partial_entries=0, partial_exits=0
2026-04-14T16:37:12.530749338Z [inf]  [POLL] DrinkSarsi: new=0, exits=0, partial_entries=0, partial_exits=0
2026-04-14T16:37:12.530754618Z [inf]  [POLL] KYLElusi: API=11 positions, DB=11 tracked
2026-04-14T16:37:12.530760619Z [inf]  [POLL] KYLElusi: new=0, exits=0, partial_entries=0, partial_exits=0
2026-04-14T16:37:12.530766191Z [inf]  [POLL] 0xd13c1B0D56e2671C7eCa9BF3CDa75C86140602f4-1768221888770: API=16 positions, DB=16 tracked
2026-04-14T16:37:12.530771578Z [inf]  [POLL] 0xd13c1B0D56e2671C7eCa9BF3CDa75C86140602f4-1768221888770: new=0, exits=0, partial_entries=0, partial_exits=0
2026-04-14T16:37:12.530777475Z [inf]  [POLL] hell0pia: API=7 positions, DB=7 tracked
2026-04-14T16:37:12.530782624Z [inf]  [POLL] hell0pia: new=0, exits=0, partial_entries=0, partial_exits=0
2026-04-14T16:37:12.530788460Z [inf]  [POLL] da4c07: API=5 positions, DB=5 tracked
2026-04-14T16:37:12.530793989Z [inf]  [POLL] da4c07: new=0, exits=0, partial_entries=0, partial_exits=0
2026-04-14T16:37:12.530799355Z [inf]  [POLL] phdcapital: API=82 positions, DB=82 tracked
2026-04-14T16:37:12.530804415Z [inf]  [POLL] bearbees2: API=29 positions, DB=29 tracked
2026-04-14T16:37:12.530809907Z [inf]  [POLL] bearbees2: new=0, exits=0, partial_entries=0, partial_exits=0
2026-04-14T16:37:12.530816009Z [inf]  [POLL] Moond: API=39 positions, DB=39 tracked
2026-04-14T16:37:12.530821920Z [inf]  [POLL] phdcapital: new=0, exits=0, partial_entries=0, partial_exits=0
2026-04-14T16:37:12.530827026Z [inf]  [POLL] Moond: new=0, exits=0, partial_entries=0, partial_exits=0
2026-04-14T16:37:12.530832232Z [inf]  [DIAG] needs_order gate: mode=active live_trading=False dry_run=True kill_switch_enabled=True
2026-04-14T16:37:12.530838437Z [inf]  [POLL-ACTIVE] Cycle complete at 2026-04-14T16:36:52.446887+00:00
2026-04-14T16:37:12.530843676Z [inf]  [POLL] Trump2028: API=22 positions, DB=22 tracked
2026-04-14T16:37:12.530850933Z [inf]  [POLL] Trump2028: new=0, exits=0, partial_entries=0, partial_exits=0
2026-04-14T16:37:12.541912731Z [inf]  [POLL] azzzzzzzzz: API=5 positions, DB=5 tracked
2026-04-14T16:37:12.541923541Z [inf]  [POLL] azzzzzzzzz: new=0, exits=0, partial_entries=0, partial_exits=0
2026-04-14T16:37:12.541932827Z [inf]  [POLL] dwpoker: API=125 positions, DB=125 tracked
2026-04-14T16:37:12.541953466Z [inf]  [POLL] dwpoker: new=0, exits=0, partial_entries=0, partial_exits=0
2026-04-14T16:37:12.541968215Z [inf]  [POLL] AI.AGENT.2026: API=12 positions, DB=12 tracked
2026-04-14T16:37:12.541976018Z [inf]  [POLL] AI.AGENT.2026: new=0, exits=0, partial_entries=0, partial_exits=0
2026-04-14T16:37:12.541985068Z [inf]  [POLL] CHISCARU: API=7 positions, DB=7 tracked
2026-04-14T16:37:12.542519262Z [inf]  [POLL] CHISCARU: new=0, exits=0, partial_entries=0, partial_exits=0
2026-04-14T16:37:12.542535205Z [inf]  [POLL] G.laila: API=39 positions, DB=39 tracked
2026-04-14T16:37:12.542541935Z [inf]  [POLL] G.laila: new=0, exits=0, partial_entries=0, partial_exits=0
2026-04-14T16:37:12.542547678Z [inf]  [POLL] 0xd13c1B0D56e2671C7eCa9BF3CDa75C86140602f4-1768221888770: API=16 positions, DB=16 tracked
2026-04-14T16:37:12.542553610Z [inf]  [POLL] 0xd13c1B0D56e2671C7eCa9BF3CDa75C86140602f4-1768221888770: new=0, exits=0, partial_entries=0, partial_exits=0
2026-04-14T16:37:12.542559248Z [inf]  [POLL] TylerTurden: API=15 positions, DB=15 tracked
2026-04-14T16:37:12.542564694Z [inf]  [POLL] TylerTurden: new=0, exits=0, partial_entries=0, partial_exits=0
2026-04-14T16:37:12.542569567Z [inf]  [POLL] da4c07: API=5 positions, DB=5 tracked
2026-04-14T16:37:12.542683462Z [inf]  [POLL] da4c07: new=0, exits=0, partial_entries=0, partial_exits=0
2026-04-14T16:37:12.542690664Z [inf]  [POLL] bearbees2: API=29 positions, DB=29 tracked
2026-04-14T16:37:12.542696863Z [inf]  [POLL] bearbees2: new=0, exits=0, partial_entries=0, partial_exits=0
2026-04-14T16:37:12.542703319Z [inf]  [POLL] 100x: API=44 positions, DB=44 tracked
2026-04-14T16:37:12.542709016Z [inf]  [POLL] 100x: new=0, exits=0, partial_entries=0, partial_exits=0
2026-04-14T16:37:12.543019693Z [inf]  [POLL] scottilicious: API=49 positions, DB=49 tracked
2026-04-14T16:37:12.543026576Z [inf]  [POLL] scottilicious: new=0, exits=0, partial_entries=0, partial_exits=0
2026-04-14T16:37:12.543032752Z [inf]  [POLL] 10000Bets: API=33 positions, DB=33 tracked
2026-04-14T16:37:12.543038441Z [inf]  [POLL] 10000Bets: new=0, exits=0, partial_entries=0, partial_exits=0
2026-04-14T16:37:12.543044471Z [inf]  [POLL] Hashbrown: API=13 positions, DB=13 tracked
2026-04-14T16:37:12.543050709Z [inf]  [POLL] Hashbrown: new=0, exits=0, partial_entries=0, partial_exits=0
2026-04-14T16:37:12.543057206Z [inf]  [POLL] ng6000: API=500 positions, DB=500 tracked
2026-04-14T16:37:12.543063717Z [inf]  [POLL] ng6000: new=0, exits=0, partial_entries=0, partial_exits=0
2026-04-14T16:37:12.543069387Z [inf]  [POLL] Kickstand7: API=62 positions, DB=62 tracked
2026-04-14T16:37:12.543077983Z [inf]  [POLL] Kickstand7: new=0, exits=0, partial_entries=0, partial_exits=0
2026-04-14T16:37:12.543083629Z [inf]  [POLL] Moond: API=39 positions, DB=39 tracked
2026-04-14T16:37:12.543089833Z [inf]  [POLL] Moond: new=0, exits=0, partial_entries=0, partial_exits=0
2026-04-14T16:37:12.543103971Z [inf]  [POLL] usddde: API=12 positions, DB=12 tracked
2026-04-14T16:37:12.543111347Z [inf]  [POLL] usddde: new=0, exits=0, partial_entries=0, partial_exits=0
2026-04-14T16:37:12.543117887Z [inf]  [POLL] zhudid: API=5 positions, DB=5 tracked
2026-04-14T16:37:12.543123947Z [inf]  [POLL] zhudid: new=0, exits=0, partial_entries=0, partial_exits=0
2026-04-14T16:37:12.543130785Z [inf]  [POLL] datawitch: API=11 positions, DB=11 tracked
2026-04-14T16:37:12.543137600Z [inf]  [POLL] datawitch: new=0, exits=0, partial_entries=0, partial_exits=0
2026-04-14T16:37:12.543143664Z [inf]  [POLL] 0x0B7A6030507efE5DB145FBB57a25Ba0C5f9d86cF-1770564924062: API=19 positions, DB=19 tracked
2026-04-14T16:37:23.172888138Z [inf]  [POLL] 0x0B7A6030507efE5DB145FBB57a25Ba0C5f9d86cF-1770564924062: new=0, exits=0, partial_entries=0, partial_exits=0
2026-04-14T16:40:56.479447248Z [inf]  
2026-04-14T16:40:56.479452627Z [inf]  [POLL-NORMAL] Cycle complete at 2026-04-14T16:37:11.308584+00:00
2026-04-14T16:40:56.479457058Z [inf]  [POLL-ACTIVE] Checking 4 active traders...
2026-04-14T16:40:56.479462108Z [inf]  [POLL-ACTIVE] Account balance: $44.99
2026-04-14T16:40:56.479467561Z [inf]  [POLL] 0xd13c1B0D56e2671C7eCa9BF3CDa75C86140602f4-1768221888770: API=16 positions, DB=16 tracked
2026-04-14T16:40:56.479472111Z [inf]  [POLL] 0xd13c1B0D56e2671C7eCa9BF3CDa75C86140602f4-1768221888770: new=0, exits=0, partial_entries=0, partial_exits=0
2026-04-14T16:40:56.479476992Z [inf]  [POLL] da4c07: API=5 positions, DB=5 tracked
2026-04-14T16:40:56.479482301Z [inf]  [POLL] da4c07: new=0, exits=0, partial_entries=0, partial_exits=0
2026-04-14T16:40:56.479486709Z [inf]  [POLL] bearbees2: API=29 positions, DB=29 tracked
2026-04-14T16:40:56.479491873Z [inf]  [POLL] bearbees2: new=0, exits=0, partial_entries=0, partial_exits=0
2026-04-14T16:40:56.479497762Z [inf]  [POLL] Moond: API=39 positions, DB=39 tracked
2026-04-14T16:40:56.479502199Z [inf]  [POLL] Moond: new=0, exits=0, partial_entries=0, partial_exits=0
2026-04-14T16:40:56.479507510Z [inf]  [DIAG] needs_order gate: mode=active live_trading=False dry_run=True kill_switch_enabled=True
2026-04-14T16:40:56.479511941Z [inf]  [POLL-ACTIVE] Cycle complete at 2026-04-14T16:37:52.524163+00:00
2026-04-14T16:40:56.479517503Z [inf]  [POLL-ACTIVE] Checking 4 active traders...
2026-04-14T16:40:56.479530010Z [inf]  [POLL-ACTIVE] Account balance: $44.99
2026-04-14T16:40:56.479534496Z [inf]  [POLL] 0xd13c1B0D56e2671C7eCa9BF3CDa75C86140602f4-1768221888770: API=16 positions, DB=16 tracked
2026-04-14T16:40:56.479538756Z [inf]  [POLL] 0xd13c1B0D56e2671C7eCa9BF3CDa75C86140602f4-1768221888770: new=0, exits=0, partial_entries=0, partial_exits=0
2026-04-14T16:40:56.479543022Z [inf]  [POLL] da4c07: API=5 positions, DB=5 tracked
2026-04-14T16:40:56.479547858Z [inf]  [POLL] da4c07: new=0, exits=0, partial_entries=0, partial_exits=0
2026-04-14T16:40:56.483284123Z [inf]  [POLL] hell0pia: new=0, exits=0, partial_entries=0, partial_exits=0
2026-04-14T16:40:56.483296500Z [inf]  [POLL] bearbees2: API=29 positions, DB=29 tracked
2026-04-14T16:40:56.483316897Z [inf]  [POLL] Moond: API=39 positions, DB=39 tracked
2026-04-14T16:40:56.483327508Z [inf]  [POLL] Moond: new=0, exits=0, partial_entries=0, partial_exits=0
2026-04-14T16:40:56.483337869Z [inf]  [DIAG] needs_order gate: mode=active live_trading=False dry_run=True kill_switch_enabled=True
2026-04-14T16:40:56.483348827Z [inf]  [POLL-ACTIVE] Cycle complete at 2026-04-14T16:38:22.393387+00:00
2026-04-14T16:40:56.483357421Z [inf]  [POLL] bearbees2: API=29 positions, DB=29 tracked
2026-04-14T16:40:56.483361273Z [inf]  [POLL-NORMAL] Checking 25 followed traders...
2026-04-14T16:40:56.483366453Z [inf]  [POLL] bearbees2: new=0, exits=0, partial_entries=0, partial_exits=0
2026-04-14T16:40:56.483374055Z [inf]  [POLL-ACTIVE] Checking 4 active traders...
2026-04-14T16:40:56.483381465Z [inf]  [POLL] KYLElusi: new=0, exits=0, partial_entries=0, partial_exits=0
2026-04-14T16:40:56.483388069Z [inf]  [POLL] 0xd13c1B0D56e2671C7eCa9BF3CDa75C86140602f4-1768221888770: new=0, exits=0, partial_entries=0, partial_exits=0
2026-04-14T16:40:56.483395394Z [inf]  [POLL-ACTIVE] Account balance: $44.99
2026-04-14T16:40:56.483395598Z [inf]  [POLL] da4c07: API=5 positions, DB=5 tracked
2026-04-14T16:40:56.483402270Z [inf]  [POLL] hell0pia: API=7 positions, DB=7 tracked
2026-04-14T16:40:56.483409364Z [inf]  [POLL] da4c07: new=0, exits=0, partial_entries=0, partial_exits=0
2026-04-14T16:40:56.483410535Z [inf]  [POLL] DrinkSarsi: API=11 positions, DB=11 tracked
2026-04-14T16:40:56.483421463Z [inf]  [POLL] DrinkSarsi: new=0, exits=0, partial_entries=0, partial_exits=0
2026-04-14T16:40:56.483432311Z [inf]  [POLL] 0xd13c1B0D56e2671C7eCa9BF3CDa75C86140602f4-1768221888770: API=16 positions, DB=16 tracked
2026-04-14T16:40:56.483441101Z [inf]  [POLL] KYLElusi: API=11 positions, DB=11 tracked
2026-04-14T16:40:56.488261958Z [inf]  [DIAG] needs_order gate: mode=active live_trading=False dry_run=True kill_switch_enabled=True
2026-04-14T16:40:56.488270462Z [inf]  [POLL] G.laila: API=39 positions, DB=39 tracked
2026-04-14T16:40:56.488276887Z [inf]  [POLL] phdcapital: API=82 positions, DB=82 tracked
2026-04-14T16:40:56.488277175Z [inf]  [POLL-ACTIVE] Cycle complete at 2026-04-14T16:38:52.286318+00:00
2026-04-14T16:40:56.488287932Z [inf]  [POLL] bearbees2: new=0, exits=0, partial_entries=0, partial_exits=0
2026-04-14T16:40:56.488288018Z [inf]  [POLL] Trump2028: API=22 positions, DB=22 tracked
2026-04-14T16:40:56.488288675Z [inf]  [POLL] G.laila: new=0, exits=0, partial_entries=0, partial_exits=0
2026-04-14T16:40:56.488297558Z [inf]  [POLL] Moond: API=39 positions, DB=39 tracked
2026-04-14T16:40:56.488299561Z [inf]  [POLL] 0xd13c1B0D56e2671C7eCa9BF3CDa75C86140602f4-1768221888770: API=16 positions, DB=16 tracked
2026-04-14T16:40:56.488300271Z [inf]  [POLL] Trump2028: new=0, exits=0, partial_entries=0, partial_exits=0
2026-04-14T16:40:56.488307413Z [inf]  [POLL] phdcapital: new=0, exits=0, partial_entries=0, partial_exits=0
2026-04-14T16:40:56.488309131Z [inf]  [POLL] azzzzzzzzz: API=5 positions, DB=5 tracked
2026-04-14T16:40:56.488318701Z [inf]  [POLL] dwpoker: API=125 positions, DB=125 tracked
2026-04-14T16:40:56.488319333Z [inf]  [POLL] azzzzzzzzz: new=0, exits=0, partial_entries=0, partial_exits=0
2026-04-14T16:40:56.488319828Z [inf]  [POLL] Moond: new=0, exits=0, partial_entries=0, partial_exits=0
2026-04-14T16:40:56.488355368Z [inf]  [POLL] dwpoker: new=0, exits=0, partial_entries=0, partial_exits=0
2026-04-14T16:40:56.488363923Z [inf]  [POLL] AI.AGENT.2026: API=12 positions, DB=12 tracked
2026-04-14T16:40:56.488370416Z [inf]  [POLL] AI.AGENT.2026: new=0, exits=0, partial_entries=0, partial_exits=0
2026-04-14T16:40:56.488377498Z [inf]  [POLL] CHISCARU: API=7 positions, DB=7 tracked
2026-04-14T16:40:56.488388022Z [inf]  [POLL] CHISCARU: new=0, exits=0, partial_entries=0, partial_exits=0
2026-04-14T16:40:56.490903764Z [inf]  [POLL] Hashbrown: new=0, exits=0, partial_entries=0, partial_exits=0
2026-04-14T16:40:56.490911253Z [inf]  [POLL] 0xd13c1B0D56e2671C7eCa9BF3CDa75C86140602f4-1768221888770: new=0, exits=0, partial_entries=0, partial_exits=0
2026-04-14T16:40:56.490915312Z [inf]  [POLL] ng6000: API=500 positions, DB=500 tracked
2026-04-14T16:40:56.490918066Z [inf]  [POLL] TylerTurden: API=15 positions, DB=15 tracked
2026-04-14T16:40:56.490924042Z [inf]  [POLL] ng6000: new=0, exits=0, partial_entries=0, partial_exits=0
2026-04-14T16:40:56.490924286Z [inf]  [POLL] TylerTurden: new=0, exits=0, partial_entries=0, partial_exits=0
2026-04-14T16:40:56.490931602Z [inf]  [POLL] da4c07: API=5 positions, DB=5 tracked
2026-04-14T16:40:56.490932699Z [inf]  [POLL] Kickstand7: API=62 positions, DB=62 tracked
2026-04-14T16:40:56.490937528Z [inf]  [POLL] da4c07: new=0, exits=0, partial_entries=0, partial_exits=0
2026-04-14T16:40:56.490941694Z [inf]  [POLL] Kickstand7: new=0, exits=0, partial_entries=0, partial_exits=0
2026-04-14T16:40:56.490949774Z [inf]  [POLL] Moond: API=39 positions, DB=39 tracked
2026-04-14T16:40:56.490957330Z [inf]  [POLL] bearbees2: API=29 positions, DB=29 tracked
2026-04-14T16:40:56.490965238Z [inf]  [POLL] bearbees2: new=0, exits=0, partial_entries=0, partial_exits=0
2026-04-14T16:40:56.490971057Z [inf]  [POLL] 100x: API=44 positions, DB=44 tracked
2026-04-14T16:40:56.490976794Z [inf]  [POLL] scottilicious: new=0, exits=0, partial_entries=0, partial_exits=0
2026-04-14T16:40:56.490977576Z [inf]  [POLL] 100x: new=0, exits=0, partial_entries=0, partial_exits=0
2026-04-14T16:40:56.490983051Z [inf]  [POLL] scottilicious: API=49 positions, DB=49 tracked
2026-04-14T16:40:56.490990786Z [inf]  [POLL] 10000Bets: API=33 positions, DB=33 tracked
2026-04-14T16:40:56.490998472Z [inf]  [POLL] 10000Bets: new=0, exits=0, partial_entries=0, partial_exits=0
2026-04-14T16:40:56.491009417Z [inf]  [POLL] Hashbrown: API=13 positions, DB=13 tracked
2026-04-14T16:40:56.495457573Z [inf]  [POLL] Moond: new=0, exits=0, partial_entries=0, partial_exits=0
2026-04-14T16:40:56.495465737Z [inf]  [POLL] usddde: API=12 positions, DB=12 tracked
2026-04-14T16:40:56.495486340Z [inf]  [POLL] usddde: new=0, exits=0, partial_entries=0, partial_exits=0
2026-04-14T16:40:56.495493139Z [inf]  [POLL] zhudid: API=5 positions, DB=5 tracked
2026-04-14T16:40:56.495500452Z [inf]  [POLL] zhudid: new=0, exits=0, partial_entries=0, partial_exits=0
2026-04-14T16:40:56.495506705Z [inf]  [POLL] datawitch: API=11 positions, DB=11 tracked
2026-04-14T16:40:56.495513141Z [inf]  [POLL] datawitch: new=0, exits=0, partial_entries=0, partial_exits=0
2026-04-14T16:40:56.495522888Z [inf]  [POLL] 0x0B7A6030507efE5DB145FBB57a25Ba0C5f9d86cF-1770564924062: API=19 positions, DB=19 tracked
2026-04-14T16:40:56.495530540Z [inf]  [POLL] 0x0B7A6030507efE5DB145FBB57a25Ba0C5f9d86cF-1770564924062: new=0, exits=0, partial_entries=0, partial_exits=0
2026-04-14T16:40:56.495536352Z [inf]  [POLL-NORMAL] Cycle complete at 2026-04-14T16:39:08.980312+00:00
2026-04-14T16:40:56.495544245Z [inf]  [SCORER] Processing trader 25/2633...
2026-04-14T16:40:56.495550141Z [inf]  [POLL-ACTIVE] Checking 4 active traders...
2026-04-14T16:40:56.495556663Z [inf]  [POLL-ACTIVE] Account balance: $44.99
2026-04-14T16:40:56.495562771Z [inf]  [POLL] 0xd13c1B0D56e2671C7eCa9BF3CDa75C86140602f4-1768221888770: API=16 positions, DB=16 tracked
2026-04-14T16:40:56.495568434Z [inf]  [POLL] 0xd13c1B0D56e2671C7eCa9BF3CDa75C86140602f4-1768221888770: new=0, exits=0, partial_entries=0, partial_exits=0
2026-04-14T16:40:56.495574216Z [inf]  [POLL] da4c07: API=5 positions, DB=5 tracked
2026-04-14T16:40:56.495593539Z [inf]  [POLL] da4c07: new=0, exits=0, partial_entries=0, partial_exits=0
2026-04-14T16:40:56.495600449Z [inf]  [POLL] bearbees2: API=29 positions, DB=29 tracked
2026-04-14T16:40:56.495607148Z [inf]  [POLL] bearbees2: new=0, exits=0, partial_entries=0, partial_exits=0
2026-04-14T16:40:56.498697517Z [inf]  [DIAG] needs_order gate: mode=active live_trading=False dry_run=True kill_switch_enabled=True
2026-04-14T16:40:56.498708350Z [inf]  [POLL-ACTIVE] Cycle complete at 2026-04-14T16:40:22.778407+00:00
2026-04-14T16:40:56.498714889Z [inf]  [POLL-NORMAL] Checking 25 followed traders...
2026-04-14T16:40:56.498724220Z [inf]  [POLL-ACTIVE] Checking 4 active traders...
2026-04-14T16:40:56.498730284Z [inf]  [POLL-ACTIVE] Account balance: $44.99
2026-04-14T16:40:56.498737203Z [inf]  [POLL] DrinkSarsi: API=11 positions, DB=11 tracked
2026-04-14T16:40:56.498747419Z [inf]  [POLL] Moond: API=39 positions, DB=39 tracked
2026-04-14T16:40:56.498753995Z [inf]  [POLL] Moond: new=0, exits=0, partial_entries=0, partial_exits=0
2026-04-14T16:40:56.498762885Z [inf]  [DIAG] needs_order gate: mode=active live_trading=False dry_run=True kill_switch_enabled=True
2026-04-14T16:40:56.498768731Z [inf]  [POLL-ACTIVE] Cycle complete at 2026-04-14T16:39:52.374780+00:00
2026-04-14T16:40:56.498776642Z [inf]  [POLL-ACTIVE] Checking 4 active traders...
2026-04-14T16:40:56.498782703Z [inf]  [POLL-ACTIVE] Account balance: $44.99
2026-04-14T16:40:56.498790699Z [inf]  [POLL] 0xd13c1B0D56e2671C7eCa9BF3CDa75C86140602f4-1768221888770: API=16 positions, DB=16 tracked
2026-04-14T16:40:56.498798661Z [inf]  [POLL] 0xd13c1B0D56e2671C7eCa9BF3CDa75C86140602f4-1768221888770: new=0, exits=0, partial_entries=0, partial_exits=0
2026-04-14T16:40:56.498803912Z [inf]  [POLL] da4c07: API=5 positions, DB=5 tracked
2026-04-14T16:40:56.498809328Z [inf]  [POLL] da4c07: new=0, exits=0, partial_entries=0, partial_exits=0
2026-04-14T16:40:56.498814489Z [inf]  [POLL] bearbees2: API=29 positions, DB=29 tracked
2026-04-14T16:40:56.498819948Z [inf]  [POLL] bearbees2: new=0, exits=0, partial_entries=0, partial_exits=0
2026-04-14T16:40:56.498827881Z [inf]  [POLL] Moond: API=39 positions, DB=39 tracked
2026-04-14T16:40:56.498836058Z [inf]  [POLL] Moond: new=0, exits=0, partial_entries=0, partial_exits=0
2026-04-14T16:40:56.501225991Z [inf]  [POLL] DrinkSarsi: new=0, exits=0, partial_entries=0, partial_exits=0
2026-04-14T16:40:56.501232187Z [inf]  [POLL] 0xd13c1B0D56e2671C7eCa9BF3CDa75C86140602f4-1768221888770: API=16 positions, DB=16 tracked
2026-04-14T16:40:56.501238303Z [inf]  [POLL] KYLElusi: API=11 positions, DB=11 tracked
2026-04-14T16:40:56.501247776Z [inf]  [POLL] 0xd13c1B0D56e2671C7eCa9BF3CDa75C86140602f4-1768221888770: new=0, exits=0, partial_entries=0, partial_exits=0
2026-04-14T16:40:56.501255282Z [inf]  [POLL] KYLElusi: new=0, exits=0, partial_entries=0, partial_exits=0
2026-04-14T16:40:56.501263021Z [inf]  [POLL] hell0pia: API=7 positions, DB=7 tracked
2026-04-14T16:40:56.501269019Z [inf]  [POLL] hell0pia: new=0, exits=0, partial_entries=0, partial_exits=0
2026-04-14T16:40:56.501275695Z [inf]  [POLL] da4c07: API=5 positions, DB=5 tracked
2026-04-14T16:40:56.501284361Z [inf]  [POLL] da4c07: new=0, exits=0, partial_entries=0, partial_exits=0
2026-04-14T16:40:56.501290732Z [inf]  [POLL] phdcapital: API=82 positions, DB=82 tracked
2026-04-14T16:41:07.173367304Z [inf]  [POLL] bearbees2: API=29 positions, DB=29 tracked
2026-04-14T16:43:17.488502304Z [inf]  [POLL] G.laila: API=39 positions, DB=39 tracked
2026-04-14T16:43:17.488502907Z [inf]  [POLL] G.laila: new=0, exits=0, partial_entries=0, partial_exits=0
2026-04-14T16:43:17.488504426Z [inf]  [POLL-ACTIVE] Cycle complete at 2026-04-14T16:40:52.556541+00:00
2026-04-14T16:43:17.488509904Z [inf]  [POLL] azzzzzzzzz: new=0, exits=0, partial_entries=0, partial_exits=0
2026-04-14T16:43:17.488513963Z [inf]  [POLL] 0xd13c1B0D56e2671C7eCa9BF3CDa75C86140602f4-1768221888770: API=16 positions, DB=16 tracked
2026-04-14T16:43:17.488515784Z [inf]  [POLL] Moond: API=39 positions, DB=39 tracked
2026-04-14T16:43:17.488515813Z [inf]  [POLL] Trump2028: new=0, exits=0, partial_entries=0, partial_exits=0
2026-04-14T16:43:17.488524684Z [inf]  [POLL] dwpoker: API=125 positions, DB=125 tracked
2026-04-14T16:43:17.488527742Z [inf]  [POLL] Trump2028: API=22 positions, DB=22 tracked
2026-04-14T16:43:17.488527789Z [inf]  [POLL] azzzzzzzzz: API=5 positions, DB=5 tracked
2026-04-14T16:43:17.488533637Z [inf]  [POLL] dwpoker: new=0, exits=0, partial_entries=0, partial_exits=0
2026-04-14T16:43:17.488535699Z [inf]  [POLL] AI.AGENT.2026: new=0, exits=0, partial_entries=0, partial_exits=0
2026-04-14T16:43:17.488539281Z [inf]  [POLL] Moond: new=0, exits=0, partial_entries=0, partial_exits=0
2026-04-14T16:43:17.488542246Z [inf]  [POLL] AI.AGENT.2026: API=12 positions, DB=12 tracked
2026-04-14T16:43:17.488547749Z [inf]  [DIAG] needs_order gate: mode=active live_trading=False dry_run=True kill_switch_enabled=True
2026-04-14T16:43:17.488550181Z [inf]  [POLL] CHISCARU: API=7 positions, DB=7 tracked
2026-04-14T16:43:17.488559776Z [inf]  [POLL] CHISCARU: new=0, exits=0, partial_entries=0, partial_exits=0
2026-04-14T16:43:17.488565517Z [inf]  
2026-04-14T16:43:17.488571591Z [inf]  [POLL] bearbees2: new=0, exits=0, partial_entries=0, partial_exits=0
2026-04-14T16:43:17.488579190Z [inf]  [POLL] phdcapital: new=0, exits=0, partial_entries=0, partial_exits=0
2026-04-14T16:43:17.489749463Z [inf]  [POLL] 0xd13c1B0D56e2671C7eCa9BF3CDa75C86140602f4-1768221888770: new=0, exits=0, partial_entries=0, partial_exits=0
2026-04-14T16:43:17.489777649Z [inf]  [POLL] TylerTurden: API=15 positions, DB=15 tracked
2026-04-14T16:43:17.489798994Z [inf]  [POLL] TylerTurden: new=0, exits=0, partial_entries=0, partial_exits=0
2026-04-14T16:43:17.489806897Z [inf]  [POLL] da4c07: API=5 positions, DB=5 tracked
2026-04-14T16:43:17.489817111Z [inf]  [POLL] da4c07: new=0, exits=0, partial_entries=0, partial_exits=0
2026-04-14T16:43:17.489822759Z [inf]  [POLL] bearbees2: API=29 positions, DB=29 tracked
2026-04-14T16:43:17.489827810Z [inf]  [POLL] bearbees2: new=0, exits=0, partial_entries=0, partial_exits=0
2026-04-14T16:43:17.489832534Z [inf]  [POLL] 100x: API=44 positions, DB=44 tracked
2026-04-14T16:43:17.489837518Z [inf]  [POLL] 100x: new=0, exits=0, partial_entries=0, partial_exits=0
2026-04-14T16:43:17.489842341Z [inf]  [POLL] scottilicious: API=49 positions, DB=49 tracked
2026-04-14T16:43:17.489871420Z [inf]  [POLL] scottilicious: new=0, exits=0, partial_entries=0, partial_exits=0
2026-04-14T16:43:17.489878107Z [inf]  [POLL] 10000Bets: API=33 positions, DB=33 tracked
2026-04-14T16:43:17.489884583Z [inf]  [POLL] 10000Bets: new=0, exits=0, partial_entries=0, partial_exits=0
2026-04-14T16:43:17.489891321Z [inf]  [POLL] Hashbrown: API=13 positions, DB=13 tracked
2026-04-14T16:43:17.489895701Z [inf]  [POLL] Hashbrown: new=0, exits=0, partial_entries=0, partial_exits=0
2026-04-14T16:43:17.489899953Z [inf]  [POLL] ng6000: API=500 positions, DB=500 tracked
2026-04-14T16:43:17.489904287Z [inf]  [POLL] ng6000: new=0, exits=0, partial_entries=0, partial_exits=0
2026-04-14T16:43:17.489916807Z [inf]  [POLL] Kickstand7: API=62 positions, DB=62 tracked
2026-04-14T16:43:17.489922852Z [inf]  [POLL] Kickstand7: new=0, exits=0, partial_entries=0, partial_exits=0
2026-04-14T16:43:17.489928085Z [inf]  [POLL] Moond: API=39 positions, DB=39 tracked
2026-04-14T16:43:17.492069981Z [inf]  [POLL] bearbees2: API=29 positions, DB=29 tracked
2026-04-14T16:43:17.492080409Z [inf]  [POLL] bearbees2: new=0, exits=0, partial_entries=0, partial_exits=0
2026-04-14T16:43:17.492086525Z [inf]  [POLL] Moond: new=0, exits=0, partial_entries=0, partial_exits=0
2026-04-14T16:43:17.492092460Z [inf]  [SCORER] Processing trader 50/2633...
2026-04-14T16:43:17.492097813Z [inf]  [POLL-ACTIVE] Checking 4 active traders...
2026-04-14T16:43:17.492105106Z [inf]  [POLL-ACTIVE] Account balance: $44.99
2026-04-14T16:43:17.492105132Z [inf]  [POLL] 0xd13c1B0D56e2671C7eCa9BF3CDa75C86140602f4-1768221888770: new=0, exits=0, partial_entries=0, partial_exits=0
2026-04-14T16:43:17.492110644Z [inf]  [POLL] 0xd13c1B0D56e2671C7eCa9BF3CDa75C86140602f4-1768221888770: API=16 positions, DB=16 tracked
2026-04-14T16:43:17.492113592Z [inf]  [POLL] da4c07: API=5 positions, DB=5 tracked
2026-04-14T16:43:17.492120467Z [inf]  [POLL] da4c07: new=0, exits=0, partial_entries=0, partial_exits=0
2026-04-14T16:43:17.492123199Z [inf]  [POLL] 0x0B7A6030507efE5DB145FBB57a25Ba0C5f9d86cF-1770564924062: API=19 positions, DB=19 tracked
2026-04-14T16:43:17.492133733Z [inf]  [POLL] 0x0B7A6030507efE5DB145FBB57a25Ba0C5f9d86cF-1770564924062: new=0, exits=0, partial_entries=0, partial_exits=0
2026-04-14T16:43:17.492138192Z [inf]  [POLL] datawitch: API=11 positions, DB=11 tracked
2026-04-14T16:43:17.492140676Z [inf]  [POLL-NORMAL] Cycle complete at 2026-04-14T16:41:11.251923+00:00
2026-04-14T16:43:17.492147998Z [inf]  [POLL] datawitch: new=0, exits=0, partial_entries=0, partial_exits=0
2026-04-14T16:43:17.492155220Z [inf]  [POLL] usddde: API=12 positions, DB=12 tracked
2026-04-14T16:43:17.492196497Z [inf]  [POLL] usddde: new=0, exits=0, partial_entries=0, partial_exits=0
2026-04-14T16:43:17.492206452Z [inf]  [POLL] zhudid: API=5 positions, DB=5 tracked
2026-04-14T16:43:17.492218173Z [inf]  [POLL] zhudid: new=0, exits=0, partial_entries=0, partial_exits=0
2026-04-14T16:43:17.494046679Z [inf]  [POLL] DrinkSarsi: API=11 positions, DB=11 tracked
2026-04-14T16:43:17.494049610Z [inf]  [POLL] da4c07: API=5 positions, DB=5 tracked
2026-04-14T16:43:17.494060076Z [inf]  [POLL] da4c07: new=0, exits=0, partial_entries=0, partial_exits=0
2026-04-14T16:43:17.494065541Z [inf]  [POLL] bearbees2: API=29 positions, DB=29 tracked
2026-04-14T16:43:17.494077050Z [inf]  [POLL-NORMAL] Checking 25 followed traders...
2026-04-14T16:43:17.494080911Z [inf]  [POLL-ACTIVE] Account balance: $44.99
2026-04-14T16:43:17.494087172Z [inf]  [POLL] 0xd13c1B0D56e2671C7eCa9BF3CDa75C86140602f4-1768221888770: API=16 positions, DB=16 tracked
2026-04-14T16:43:17.494091858Z [inf]  [POLL] 0xd13c1B0D56e2671C7eCa9BF3CDa75C86140602f4-1768221888770: new=0, exits=0, partial_entries=0, partial_exits=0
2026-04-14T16:43:17.494101270Z [inf]  [POLL] Moond: API=39 positions, DB=39 tracked
2026-04-14T16:43:17.494101513Z [inf]  [POLL-ACTIVE] Checking 4 active traders...
2026-04-14T16:43:17.494105255Z [inf]  [POLL] bearbees2: new=0, exits=0, partial_entries=0, partial_exits=0
2026-04-14T16:43:17.494109894Z [inf]  [POLL] Moond: new=0, exits=0, partial_entries=0, partial_exits=0
2026-04-14T16:43:17.494111472Z [inf]  [POLL-ACTIVE] Account balance: $44.99
2026-04-14T16:43:17.494115502Z [inf]  [POLL] Moond: API=39 positions, DB=39 tracked
2026-04-14T16:43:17.494118340Z [inf]  [DIAG] needs_order gate: mode=active live_trading=False dry_run=True kill_switch_enabled=True
2026-04-14T16:43:17.494123940Z [inf]  [POLL] Moond: new=0, exits=0, partial_entries=0, partial_exits=0
2026-04-14T16:43:17.494125761Z [inf]  [POLL-ACTIVE] Cycle complete at 2026-04-14T16:41:52.401649+00:00
2026-04-14T16:43:17.494131925Z [inf]  [DIAG] needs_order gate: mode=active live_trading=False dry_run=True kill_switch_enabled=True
2026-04-14T16:43:17.494133567Z [inf]  [POLL-ACTIVE] Checking 4 active traders...
2026-04-14T16:43:17.494144627Z [inf]  [POLL-ACTIVE] Cycle complete at 2026-04-14T16:42:22.321120+00:00
2026-04-14T16:43:17.495778857Z [inf]  [POLL] phdcapital: new=0, exits=0, partial_entries=0, partial_exits=0
2026-04-14T16:43:17.495787800Z [inf]  [POLL] Moond: new=0, exits=0, partial_entries=0, partial_exits=0
2026-04-14T16:43:17.495792944Z [inf]  [DIAG] needs_order gate: mode=active live_trading=False dry_run=True kill_switch_enabled=True
2026-04-14T16:43:17.495800208Z [inf]  [POLL-ACTIVE] Cycle complete at 2026-04-14T16:42:52.543004+00:00
2026-04-14T16:43:17.495805142Z [inf]  [POLL] Trump2028: API=22 positions, DB=22 tracked
2026-04-14T16:43:17.495810878Z [inf]  [POLL] Trump2028: new=0, exits=0, partial_entries=0, partial_exits=0
2026-04-14T16:43:17.496015715Z [inf]  [POLL] DrinkSarsi: new=0, exits=0, partial_entries=0, partial_exits=0
2026-04-14T16:43:17.496022839Z [inf]  [POLL] 0xd13c1B0D56e2671C7eCa9BF3CDa75C86140602f4-1768221888770: API=16 positions, DB=16 tracked
2026-04-14T16:43:17.496028407Z [inf]  [POLL] 0xd13c1B0D56e2671C7eCa9BF3CDa75C86140602f4-1768221888770: new=0, exits=0, partial_entries=0, partial_exits=0
2026-04-14T16:43:17.496034826Z [inf]  [POLL] KYLElusi: API=11 positions, DB=11 tracked
2026-04-14T16:43:17.496045123Z [inf]  [POLL] KYLElusi: new=0, exits=0, partial_entries=0, partial_exits=0
2026-04-14T16:43:17.496049959Z [inf]  [POLL] da4c07: API=5 positions, DB=5 tracked
2026-04-14T16:43:17.496055091Z [inf]  [POLL] da4c07: new=0, exits=0, partial_entries=0, partial_exits=0
2026-04-14T16:43:17.496059574Z [inf]  [POLL] hell0pia: API=7 positions, DB=7 tracked
2026-04-14T16:43:17.496064241Z [inf]  [POLL] hell0pia: new=0, exits=0, partial_entries=0, partial_exits=0
2026-04-14T16:43:17.496072404Z [inf]  [POLL] bearbees2: API=29 positions, DB=29 tracked
2026-04-14T16:43:17.496077012Z [inf]  [POLL] bearbees2: new=0, exits=0, partial_entries=0, partial_exits=0
2026-04-14T16:43:17.496091433Z [inf]  [POLL] phdcapital: API=82 positions, DB=82 tracked
2026-04-14T16:43:17.496099902Z [inf]  [POLL] Moond: API=39 positions, DB=39 tracked
2026-04-14T16:43:17.498273803Z [inf]  [POLL] dwpoker: new=0, exits=0, partial_entries=0, partial_exits=0
2026-04-14T16:43:17.498280304Z [inf]  [POLL] AI.AGENT.2026: API=12 positions, DB=12 tracked
2026-04-14T16:43:17.498286374Z [inf]  [POLL] AI.AGENT.2026: new=0, exits=0, partial_entries=0, partial_exits=0
2026-04-14T16:43:17.498287144Z [inf]  [POLL] bearbees2: new=0, exits=0, partial_entries=0, partial_exits=0
2026-04-14T16:43:17.498292345Z [inf]  [POLL] CHISCARU: API=7 positions, DB=7 tracked
2026-04-14T16:43:17.498298250Z [inf]  [POLL] CHISCARU: new=0, exits=0, partial_entries=0, partial_exits=0
2026-04-14T16:43:17.498299209Z [inf]  [POLL] 100x: API=44 positions, DB=44 tracked
2026-04-14T16:43:17.498306983Z [inf]  [POLL] 100x: new=0, exits=0, partial_entries=0, partial_exits=0
2026-04-14T16:43:17.498321160Z [inf]  [POLL] G.laila: API=39 positions, DB=39 tracked
2026-04-14T16:43:17.498327090Z [inf]  [POLL] G.laila: new=0, exits=0, partial_entries=0, partial_exits=0
2026-04-14T16:43:17.498332671Z [inf]  [POLL] azzzzzzzzz: API=5 positions, DB=5 tracked
2026-04-14T16:43:17.498333322Z [inf]  [POLL] 0xd13c1B0D56e2671C7eCa9BF3CDa75C86140602f4-1768221888770: API=16 positions, DB=16 tracked
2026-04-14T16:43:17.498336720Z [inf]  [POLL] TylerTurden: API=15 positions, DB=15 tracked
2026-04-14T16:43:17.498341869Z [inf]  [POLL] 0xd13c1B0D56e2671C7eCa9BF3CDa75C86140602f4-1768221888770: new=0, exits=0, partial_entries=0, partial_exits=0
2026-04-14T16:43:17.498342209Z [inf]  [POLL] azzzzzzzzz: new=0, exits=0, partial_entries=0, partial_exits=0
2026-04-14T16:43:17.498348800Z [inf]  [POLL] dwpoker: API=125 positions, DB=125 tracked
2026-04-14T16:43:17.498352569Z [inf]  [POLL] TylerTurden: new=0, exits=0, partial_entries=0, partial_exits=0
2026-04-14T16:43:17.498359325Z [inf]  [POLL] da4c07: API=5 positions, DB=5 tracked
2026-04-14T16:43:17.498364184Z [inf]  [POLL] da4c07: new=0, exits=0, partial_entries=0, partial_exits=0
2026-04-14T16:43:17.498368738Z [inf]  [POLL] bearbees2: API=29 positions, DB=29 tracked
2026-04-14T16:43:17.501134630Z [inf]  [POLL] Kickstand7: API=62 positions, DB=62 tracked
2026-04-14T16:43:17.501139674Z [inf]  [POLL] Hashbrown: API=13 positions, DB=13 tracked
2026-04-14T16:43:17.501147779Z [inf]  [POLL] Kickstand7: new=0, exits=0, partial_entries=0, partial_exits=0
2026-04-14T16:43:17.501149044Z [inf]  [POLL] Hashbrown: new=0, exits=0, partial_entries=0, partial_exits=0
2026-04-14T16:43:17.501155984Z [inf]  [POLL] ng6000: API=500 positions, DB=500 tracked
2026-04-14T16:43:17.501157823Z [inf]  [POLL] Moond: API=39 positions, DB=39 tracked
2026-04-14T16:43:17.501163615Z [inf]  [POLL] ng6000: new=0, exits=0, partial_entries=0, partial_exits=0
2026-04-14T16:43:17.501166353Z [inf]  [POLL] Moond: new=0, exits=0, partial_entries=0, partial_exits=0
2026-04-14T16:43:17.501199206Z [inf]  [POLL] scottilicious: API=49 positions, DB=49 tracked
2026-04-14T16:43:17.501204035Z [inf]  [POLL] scottilicious: new=0, exits=0, partial_entries=0, partial_exits=0
2026-04-14T16:43:17.501209504Z [inf]  [POLL] 10000Bets: API=33 positions, DB=33 tracked
2026-04-14T16:43:17.501214320Z [inf]  [POLL] 10000Bets: new=0, exits=0, partial_entries=0, partial_exits=0
2026-04-14T16:43:29.682627438Z [inf]  [POLL] usddde: API=12 positions, DB=12 tracked
2026-04-14T16:47:00.853894734Z [inf]  
2026-04-14T16:47:00.853899686Z [inf]  [POLL] usddde: new=0, exits=0, partial_entries=0, partial_exits=0
2026-04-14T16:47:00.853904816Z [inf]  [POLL] zhudid: API=5 positions, DB=5 tracked
2026-04-14T16:47:00.853910006Z [inf]  [POLL] zhudid: new=0, exits=0, partial_entries=0, partial_exits=0
2026-04-14T16:47:00.853917542Z [inf]  [POLL] datawitch: API=11 positions, DB=11 tracked
2026-04-14T16:47:00.853923528Z [inf]  [POLL] datawitch: new=0, exits=0, partial_entries=0, partial_exits=0
2026-04-14T16:47:00.853929277Z [inf]  [POLL] 0x0B7A6030507efE5DB145FBB57a25Ba0C5f9d86cF-1770564924062: API=19 positions, DB=19 tracked
2026-04-14T16:47:00.853935715Z [inf]  [POLL] 0x0B7A6030507efE5DB145FBB57a25Ba0C5f9d86cF-1770564924062: new=0, exits=0, partial_entries=0, partial_exits=0
2026-04-14T16:47:00.853942005Z [inf]  [POLL-NORMAL] Cycle complete at 2026-04-14T16:43:10.085733+00:00
2026-04-14T16:47:00.853947499Z [inf]  [POLL-ACTIVE] Checking 4 active traders...
2026-04-14T16:47:00.853956989Z [inf]  [POLL-ACTIVE] Account balance: $44.99
2026-04-14T16:47:00.853962548Z [inf]  [POLL] 0xd13c1B0D56e2671C7eCa9BF3CDa75C86140602f4-1768221888770: API=16 positions, DB=16 tracked
2026-04-14T16:47:00.853987499Z [inf]  [POLL] 0xd13c1B0D56e2671C7eCa9BF3CDa75C86140602f4-1768221888770: new=0, exits=0, partial_entries=0, partial_exits=0
2026-04-14T16:47:00.853993753Z [inf]  [POLL] da4c07: API=5 positions, DB=5 tracked
2026-04-14T16:47:00.853999798Z [inf]  [POLL] da4c07: new=0, exits=0, partial_entries=0, partial_exits=0
2026-04-14T16:47:00.854006422Z [inf]  [POLL] bearbees2: API=29 positions, DB=29 tracked
2026-04-14T16:47:00.854011621Z [inf]  [POLL] bearbees2: new=0, exits=0, partial_entries=0, partial_exits=0
2026-04-14T16:47:00.854017029Z [inf]  [POLL] Moond: API=39 positions, DB=39 tracked
2026-04-14T16:47:00.854022651Z [inf]  [POLL] Moond: new=0, exits=0, partial_entries=0, partial_exits=0
2026-04-14T16:47:00.854027806Z [inf]  [DIAG] needs_order gate: mode=active live_trading=False dry_run=True kill_switch_enabled=True
2026-04-14T16:47:00.856781662Z [inf]  [POLL] Moond: new=0, exits=0, partial_entries=0, partial_exits=0
2026-04-14T16:47:00.856793790Z [inf]  [DIAG] needs_order gate: mode=active live_trading=False dry_run=True kill_switch_enabled=True
2026-04-14T16:47:00.856803387Z [inf]  [POLL-ACTIVE] Cycle complete at 2026-04-14T16:44:22.386038+00:00
2026-04-14T16:47:00.856805341Z [inf]  [POLL-ACTIVE] Cycle complete at 2026-04-14T16:43:52.446245+00:00
2026-04-14T16:47:00.856811630Z [inf]  [POLL-ACTIVE] Checking 4 active traders...
2026-04-14T16:47:00.856818568Z [inf]  [POLL-ACTIVE] Account balance: $44.99
2026-04-14T16:47:00.856825333Z [inf]  [POLL] 0xd13c1B0D56e2671C7eCa9BF3CDa75C86140602f4-1768221888770: API=16 positions, DB=16 tracked
2026-04-14T16:47:00.856830770Z [inf]  [POLL] 0xd13c1B0D56e2671C7eCa9BF3CDa75C86140602f4-1768221888770: new=0, exits=0, partial_entries=0, partial_exits=0
2026-04-14T16:47:00.856845131Z [inf]  [POLL] da4c07: API=5 positions, DB=5 tracked
2026-04-14T16:47:00.856852668Z [inf]  [POLL] KYLElusi: API=11 positions, DB=11 tracked
2026-04-14T16:47:00.856859476Z [inf]  [POLL] 0xd13c1B0D56e2671C7eCa9BF3CDa75C86140602f4-1768221888770: API=16 positions, DB=16 tracked
2026-04-14T16:47:00.856860192Z [inf]  [POLL] da4c07: new=0, exits=0, partial_entries=0, partial_exits=0
2026-04-14T16:47:00.856868668Z [inf]  [POLL] bearbees2: API=29 positions, DB=29 tracked
2026-04-14T16:47:00.856880971Z [inf]  [POLL] DrinkSarsi: API=11 positions, DB=11 tracked
2026-04-14T16:47:00.856881130Z [inf]  [POLL-ACTIVE] Account balance: $44.99
2026-04-14T16:47:00.856883293Z [inf]  [POLL-NORMAL] Checking 25 followed traders...
2026-04-14T16:47:00.856884176Z [inf]  [POLL] bearbees2: new=0, exits=0, partial_entries=0, partial_exits=0
2026-04-14T16:47:00.856896379Z [inf]  [POLL] DrinkSarsi: new=0, exits=0, partial_entries=0, partial_exits=0
2026-04-14T16:47:00.856897699Z [inf]  [POLL-ACTIVE] Checking 4 active traders...
2026-04-14T16:47:00.856911668Z [inf]  [POLL] Moond: API=39 positions, DB=39 tracked
2026-04-14T16:47:00.860510085Z [inf]  [POLL] KYLElusi: new=0, exits=0, partial_entries=0, partial_exits=0
2026-04-14T16:47:00.860517741Z [inf]  [POLL] 0xd13c1B0D56e2671C7eCa9BF3CDa75C86140602f4-1768221888770: new=0, exits=0, partial_entries=0, partial_exits=0
2026-04-14T16:47:00.860524483Z [inf]  [POLL] hell0pia: API=7 positions, DB=7 tracked
2026-04-14T16:47:00.860530922Z [inf]  [POLL] da4c07: API=5 positions, DB=5 tracked
2026-04-14T16:47:00.860538433Z [inf]  [POLL] hell0pia: new=0, exits=0, partial_entries=0, partial_exits=0
2026-04-14T16:47:00.860547561Z [inf]  [POLL] da4c07: new=0, exits=0, partial_entries=0, partial_exits=0
2026-04-14T16:47:00.860554354Z [inf]  [POLL] bearbees2: API=29 positions, DB=29 tracked
2026-04-14T16:47:00.860560834Z [inf]  [POLL] phdcapital: API=82 positions, DB=82 tracked
2026-04-14T16:47:00.860567952Z [inf]  [POLL] bearbees2: new=0, exits=0, partial_entries=0, partial_exits=0
2026-04-14T16:47:00.860575368Z [inf]  [POLL] Moond: API=39 positions, DB=39 tracked
2026-04-14T16:47:00.860581487Z [inf]  [POLL] phdcapital: new=0, exits=0, partial_entries=0, partial_exits=0
2026-04-14T16:47:00.860587758Z [inf]  [POLL] Moond: new=0, exits=0, partial_entries=0, partial_exits=0
2026-04-14T16:47:00.860594774Z [inf]  [DIAG] needs_order gate: mode=active live_trading=False dry_run=True kill_switch_enabled=True
2026-04-14T16:47:00.860600375Z [inf]  [POLL-ACTIVE] Cycle complete at 2026-04-14T16:44:52.585318+00:00
2026-04-14T16:47:00.860606323Z [inf]  [POLL] Trump2028: API=22 positions, DB=22 tracked
2026-04-14T16:47:00.860612190Z [inf]  [POLL] Trump2028: new=0, exits=0, partial_entries=0, partial_exits=0
2026-04-14T16:47:00.860619834Z [inf]  [POLL] azzzzzzzzz: API=5 positions, DB=5 tracked
2026-04-14T16:47:00.860625391Z [inf]  [POLL] azzzzzzzzz: new=0, exits=0, partial_entries=0, partial_exits=0
2026-04-14T16:47:00.860630469Z [inf]  [POLL] dwpoker: API=125 positions, DB=125 tracked
2026-04-14T16:47:00.860636437Z [inf]  [POLL] dwpoker: new=0, exits=0, partial_entries=0, partial_exits=0
2026-04-14T16:47:00.862961854Z [inf]  [POLL] AI.AGENT.2026: API=12 positions, DB=12 tracked
2026-04-14T16:47:00.862971912Z [inf]  [POLL] AI.AGENT.2026: new=0, exits=0, partial_entries=0, partial_exits=0
2026-04-14T16:47:00.862979293Z [inf]  [POLL] CHISCARU: API=7 positions, DB=7 tracked
2026-04-14T16:47:00.862987149Z [inf]  [POLL] CHISCARU: new=0, exits=0, partial_entries=0, partial_exits=0
2026-04-14T16:47:00.862995077Z [inf]  [POLL] G.laila: API=39 positions, DB=39 tracked
2026-04-14T16:47:00.863002364Z [inf]  [POLL] G.laila: new=0, exits=0, partial_entries=0, partial_exits=0
2026-04-14T16:47:00.863008879Z [inf]  [POLL] 0xd13c1B0D56e2671C7eCa9BF3CDa75C86140602f4-1768221888770: API=16 positions, DB=16 tracked
2026-04-14T16:47:00.863018388Z [inf]  [POLL] 0xd13c1B0D56e2671C7eCa9BF3CDa75C86140602f4-1768221888770: new=0, exits=0, partial_entries=0, partial_exits=0
2026-04-14T16:47:00.863026135Z [inf]  [POLL] TylerTurden: API=15 positions, DB=15 tracked
2026-04-14T16:47:00.863033644Z [inf]  [POLL] TylerTurden: new=0, exits=0, partial_entries=0, partial_exits=0
2026-04-14T16:47:00.863044508Z [inf]  [POLL] da4c07: API=5 positions, DB=5 tracked
2026-04-14T16:47:00.863051860Z [inf]  [POLL] da4c07: new=0, exits=0, partial_entries=0, partial_exits=0
2026-04-14T16:47:00.863058789Z [inf]  [POLL] bearbees2: API=29 positions, DB=29 tracked
2026-04-14T16:47:00.863066182Z [inf]  [POLL] bearbees2: new=0, exits=0, partial_entries=0, partial_exits=0
2026-04-14T16:47:00.863072864Z [inf]  [POLL] 100x: API=44 positions, DB=44 tracked
2026-04-14T16:47:00.863082350Z [inf]  [POLL] 100x: new=0, exits=0, partial_entries=0, partial_exits=0
2026-04-14T16:47:00.863090420Z [inf]  [POLL] scottilicious: API=49 positions, DB=49 tracked
2026-04-14T16:47:00.863098685Z [inf]  [POLL] scottilicious: new=0, exits=0, partial_entries=0, partial_exits=0
2026-04-14T16:47:00.863108272Z [inf]  [POLL] 10000Bets: API=33 positions, DB=33 tracked
2026-04-14T16:47:00.863114974Z [inf]  [POLL] 10000Bets: new=0, exits=0, partial_entries=0, partial_exits=0
2026-04-14T16:47:00.865631704Z [inf]  [POLL] Hashbrown: API=13 positions, DB=13 tracked
2026-04-14T16:47:00.865643361Z [inf]  [POLL] Hashbrown: new=0, exits=0, partial_entries=0, partial_exits=0
2026-04-14T16:47:00.865652492Z [inf]  [POLL] ng6000: API=500 positions, DB=500 tracked
2026-04-14T16:47:00.865658770Z [inf]  [POLL] ng6000: new=0, exits=0, partial_entries=0, partial_exits=0
2026-04-14T16:47:00.865664016Z [inf]  [POLL] Kickstand7: API=62 positions, DB=62 tracked
2026-04-14T16:47:00.865670623Z [inf]  [POLL] Kickstand7: new=0, exits=0, partial_entries=0, partial_exits=0
2026-04-14T16:47:00.865676008Z [inf]  [POLL] Moond: API=39 positions, DB=39 tracked
2026-04-14T16:47:00.865681378Z [inf]  [POLL] Moond: new=0, exits=0, partial_entries=0, partial_exits=0
2026-04-14T16:47:00.865685914Z [inf]  [POLL] usddde: API=12 positions, DB=12 tracked
2026-04-14T16:47:00.865691251Z [inf]  [POLL] usddde: new=0, exits=0, partial_entries=0, partial_exits=0
2026-04-14T16:47:00.865696547Z [inf]  [POLL] zhudid: API=5 positions, DB=5 tracked
2026-04-14T16:47:00.865704801Z [inf]  [POLL] zhudid: new=0, exits=0, partial_entries=0, partial_exits=0
2026-04-14T16:47:00.865709423Z [inf]  [POLL] datawitch: API=11 positions, DB=11 tracked
2026-04-14T16:47:00.865714104Z [inf]  [POLL] datawitch: new=0, exits=0, partial_entries=0, partial_exits=0
2026-04-14T16:47:00.865722877Z [inf]  [POLL] 0x0B7A6030507efE5DB145FBB57a25Ba0C5f9d86cF-1770564924062: API=19 positions, DB=19 tracked
2026-04-14T16:47:00.865727595Z [inf]  [POLL] 0x0B7A6030507efE5DB145FBB57a25Ba0C5f9d86cF-1770564924062: new=0, exits=0, partial_entries=0, partial_exits=0
2026-04-14T16:47:00.865732404Z [inf]  [POLL-NORMAL] Cycle complete at 2026-04-14T16:45:09.685574+00:00
2026-04-14T16:47:00.865738016Z [inf]  [SCORER] Processing trader 75/2633...
2026-04-14T16:47:00.865742269Z [inf]  [POLL-ACTIVE] Checking 4 active traders...
2026-04-14T16:47:00.865747135Z [inf]  [POLL-ACTIVE] Account balance: $44.99
2026-04-14T16:47:00.868004182Z [inf]  [POLL] 0xd13c1B0D56e2671C7eCa9BF3CDa75C86140602f4-1768221888770: API=16 positions, DB=16 tracked
2026-04-14T16:47:00.868016989Z [inf]  [POLL] 0xd13c1B0D56e2671C7eCa9BF3CDa75C86140602f4-1768221888770: new=0, exits=0, partial_entries=0, partial_exits=0
2026-04-14T16:47:00.868025335Z [inf]  [POLL] da4c07: API=5 positions, DB=5 tracked
2026-04-14T16:47:00.868032935Z [inf]  [POLL] da4c07: new=0, exits=0, partial_entries=0, partial_exits=0
2026-04-14T16:47:00.868039940Z [inf]  [POLL] bearbees2: API=29 positions, DB=29 tracked
2026-04-14T16:47:00.868047919Z [inf]  [POLL] bearbees2: new=0, exits=0, partial_entries=0, partial_exits=0
2026-04-14T16:47:00.868055118Z [inf]  [POLL] Moond: API=39 positions, DB=39 tracked
2026-04-14T16:47:00.868061733Z [inf]  [POLL] Moond: new=0, exits=0, partial_entries=0, partial_exits=0
2026-04-14T16:47:00.868073153Z [inf]  [DIAG] needs_order gate: mode=active live_trading=False dry_run=True kill_switch_enabled=True
2026-04-14T16:47:00.868082793Z [inf]  [POLL-ACTIVE] Cycle complete at 2026-04-14T16:45:52.503546+00:00
2026-04-14T16:47:00.868089806Z [inf]  [POLL-ACTIVE] Checking 4 active traders...
2026-04-14T16:47:00.868099270Z [inf]  [POLL-ACTIVE] Account balance: $44.99
2026-04-14T16:47:00.868106444Z [inf]  [POLL] 0xd13c1B0D56e2671C7eCa9BF3CDa75C86140602f4-1768221888770: API=16 positions, DB=16 tracked
2026-04-14T16:47:00.868112718Z [inf]  [POLL] 0xd13c1B0D56e2671C7eCa9BF3CDa75C86140602f4-1768221888770: new=0, exits=0, partial_entries=0, partial_exits=0
2026-04-14T16:47:00.868119001Z [inf]  [POLL] da4c07: API=5 positions, DB=5 tracked
2026-04-14T16:47:00.868153870Z [inf]  [POLL] da4c07: new=0, exits=0, partial_entries=0, partial_exits=0
2026-04-14T16:47:00.868161017Z [inf]  [POLL] bearbees2: API=29 positions, DB=29 tracked
2026-04-14T16:47:00.868167579Z [inf]  [POLL] bearbees2: new=0, exits=0, partial_entries=0, partial_exits=0
2026-04-14T16:47:00.868173662Z [inf]  [POLL] Moond: API=39 positions, DB=39 tracked
2026-04-14T16:47:00.870190987Z [inf]  [POLL] Moond: new=0, exits=0, partial_entries=0, partial_exits=0
2026-04-14T16:47:00.870204159Z [inf]  [DIAG] needs_order gate: mode=active live_trading=False dry_run=True kill_switch_enabled=True
2026-04-14T16:47:00.870215968Z [inf]  [POLL-ACTIVE] Cycle complete at 2026-04-14T16:46:22.408593+00:00
2026-04-14T16:47:00.870223826Z [inf]  [POLL-NORMAL] Checking 25 followed traders...
2026-04-14T16:47:00.870231539Z [inf]  [POLL-ACTIVE] Checking 4 active traders...
2026-04-14T16:47:00.870238716Z [inf]  [POLL-ACTIVE] Account balance: $44.99
2026-04-14T16:47:00.870249625Z [inf]  [POLL] DrinkSarsi: API=11 positions, DB=11 tracked
2026-04-14T16:47:00.870257011Z [inf]  [POLL] DrinkSarsi: new=0, exits=0, partial_entries=0, partial_exits=0
2026-04-14T16:47:00.870264206Z [inf]  [POLL] 0xd13c1B0D56e2671C7eCa9BF3CDa75C86140602f4-1768221888770: API=16 positions, DB=16 tracked
2026-04-14T16:47:11.173617065Z [inf]  [POLL] KYLElusi: API=11 positions, DB=11 tracked
2026-04-14T16:49:01.871518573Z [inf]  [POLL] KYLElusi: new=0, exits=0, partial_entries=0, partial_exits=0
2026-04-14T16:49:01.871534382Z [inf]  [POLL] da4c07: API=5 positions, DB=5 tracked
2026-04-14T16:49:01.871542865Z [inf]  [POLL] hell0pia: API=7 positions, DB=7 tracked
2026-04-14T16:49:01.871550910Z [inf]  [POLL] da4c07: new=0, exits=0, partial_entries=0, partial_exits=0
2026-04-14T16:49:01.871559351Z [inf]  [POLL] hell0pia: new=0, exits=0, partial_entries=0, partial_exits=0
2026-04-14T16:49:01.871606766Z [inf]  [POLL] bearbees2: API=29 positions, DB=29 tracked
2026-04-14T16:49:01.871615055Z [inf]  [POLL] phdcapital: API=82 positions, DB=82 tracked
2026-04-14T16:49:01.871625407Z [inf]  [POLL] bearbees2: new=0, exits=0, partial_entries=0, partial_exits=0
2026-04-14T16:49:01.871627530Z [inf]  
2026-04-14T16:49:01.871627757Z [inf]  [POLL] azzzzzzzzz: API=5 positions, DB=5 tracked
2026-04-14T16:49:01.871635580Z [inf]  [POLL] Moond: API=39 positions, DB=39 tracked
2026-04-14T16:49:01.871639955Z [inf]  [POLL] 0xd13c1B0D56e2671C7eCa9BF3CDa75C86140602f4-1768221888770: new=0, exits=0, partial_entries=0, partial_exits=0
2026-04-14T16:49:01.871644283Z [inf]  [POLL] azzzzzzzzz: new=0, exits=0, partial_entries=0, partial_exits=0
2026-04-14T16:49:01.871644890Z [inf]  [POLL] phdcapital: new=0, exits=0, partial_entries=0, partial_exits=0
2026-04-14T16:49:01.871653854Z [inf]  [POLL] Moond: new=0, exits=0, partial_entries=0, partial_exits=0
2026-04-14T16:49:01.871656044Z [inf]  [POLL] dwpoker: API=125 positions, DB=125 tracked
2026-04-14T16:49:01.871682399Z [inf]  [DIAG] needs_order gate: mode=active live_trading=False dry_run=True kill_switch_enabled=True
2026-04-14T16:49:01.871691293Z [inf]  [POLL-ACTIVE] Cycle complete at 2026-04-14T16:46:52.285145+00:00
2026-04-14T16:49:01.871700361Z [inf]  [POLL] Trump2028: API=22 positions, DB=22 tracked
2026-04-14T16:49:01.871714335Z [inf]  [POLL] Trump2028: new=0, exits=0, partial_entries=0, partial_exits=0
2026-04-14T16:49:02.856761356Z [inf]  [POLL] CHISCARU: API=7 positions, DB=7 tracked
2026-04-14T16:49:02.856768802Z [inf]  [POLL] CHISCARU: new=0, exits=0, partial_entries=0, partial_exits=0
2026-04-14T16:49:02.856774850Z [inf]  [POLL] G.laila: API=39 positions, DB=39 tracked
2026-04-14T16:49:02.856780474Z [inf]  [POLL] G.laila: new=0, exits=0, partial_entries=0, partial_exits=0
2026-04-14T16:49:02.856787560Z [inf]  [POLL] 0xd13c1B0D56e2671C7eCa9BF3CDa75C86140602f4-1768221888770: API=16 positions, DB=16 tracked
2026-04-14T16:49:02.856793869Z [inf]  [POLL] 0xd13c1B0D56e2671C7eCa9BF3CDa75C86140602f4-1768221888770: new=0, exits=0, partial_entries=0, partial_exits=0
2026-04-14T16:49:02.856800099Z [inf]  [POLL] TylerTurden: API=15 positions, DB=15 tracked
2026-04-14T16:49:02.856822621Z [inf]  [POLL] TylerTurden: new=0, exits=0, partial_entries=0, partial_exits=0
2026-04-14T16:49:02.856825191Z [inf]  [POLL] dwpoker: new=0, exits=0, partial_entries=0, partial_exits=0
2026-04-14T16:49:02.856841375Z [inf]  [POLL] da4c07: API=5 positions, DB=5 tracked
2026-04-14T16:49:02.856842256Z [inf]  [POLL] AI.AGENT.2026: API=12 positions, DB=12 tracked
2026-04-14T16:49:02.856853904Z [inf]  [POLL] da4c07: new=0, exits=0, partial_entries=0, partial_exits=0
2026-04-14T16:49:02.856853948Z [inf]  [POLL] AI.AGENT.2026: new=0, exits=0, partial_entries=0, partial_exits=0
2026-04-14T16:49:02.856863384Z [inf]  [POLL] bearbees2: API=29 positions, DB=29 tracked
2026-04-14T16:49:02.856871254Z [inf]  [POLL] bearbees2: new=0, exits=0, partial_entries=0, partial_exits=0
2026-04-14T16:49:02.856879343Z [inf]  [POLL] 100x: API=44 positions, DB=44 tracked
2026-04-14T16:49:02.856887239Z [inf]  [POLL] 100x: new=0, exits=0, partial_entries=0, partial_exits=0
2026-04-14T16:49:02.856894530Z [inf]  [POLL] scottilicious: API=49 positions, DB=49 tracked
2026-04-14T16:49:02.856901769Z [inf]  [POLL] scottilicious: new=0, exits=0, partial_entries=0, partial_exits=0
2026-04-14T16:49:02.858213092Z [inf]  [POLL] 10000Bets: API=33 positions, DB=33 tracked
2026-04-14T16:49:02.858219039Z [inf]  [POLL] 10000Bets: new=0, exits=0, partial_entries=0, partial_exits=0
2026-04-14T16:49:02.858225910Z [inf]  [POLL] Hashbrown: API=13 positions, DB=13 tracked
2026-04-14T16:49:02.858232941Z [inf]  [POLL] Hashbrown: new=0, exits=0, partial_entries=0, partial_exits=0
2026-04-14T16:49:02.858239857Z [inf]  [POLL] ng6000: API=500 positions, DB=500 tracked
2026-04-14T16:49:02.858247956Z [inf]  [POLL] ng6000: new=0, exits=0, partial_entries=0, partial_exits=0
2026-04-14T16:49:02.858253844Z [inf]  [POLL] Kickstand7: API=62 positions, DB=62 tracked
2026-04-14T16:49:02.858258898Z [inf]  [POLL] Kickstand7: new=0, exits=0, partial_entries=0, partial_exits=0
2026-04-14T16:49:02.858264636Z [inf]  [POLL] Moond: API=39 positions, DB=39 tracked
2026-04-14T16:49:02.858271884Z [inf]  [POLL] Moond: new=0, exits=0, partial_entries=0, partial_exits=0
2026-04-14T16:49:02.858277641Z [inf]  [POLL] usddde: API=12 positions, DB=12 tracked
2026-04-14T16:49:02.858285340Z [inf]  [POLL] usddde: new=0, exits=0, partial_entries=0, partial_exits=0
2026-04-14T16:49:02.858292769Z [inf]  [POLL] zhudid: API=5 positions, DB=5 tracked
2026-04-14T16:49:02.858299101Z [inf]  [POLL] zhudid: new=0, exits=0, partial_entries=0, partial_exits=0
2026-04-14T16:49:02.858305579Z [inf]  [POLL] datawitch: API=11 positions, DB=11 tracked
2026-04-14T16:49:02.858312858Z [inf]  [POLL] datawitch: new=0, exits=0, partial_entries=0, partial_exits=0
2026-04-14T16:49:02.858318978Z [inf]  [POLL] 0x0B7A6030507efE5DB145FBB57a25Ba0C5f9d86cF-1770564924062: API=19 positions, DB=19 tracked
2026-04-14T16:49:02.858324876Z [inf]  [POLL] 0x0B7A6030507efE5DB145FBB57a25Ba0C5f9d86cF-1770564924062: new=0, exits=0, partial_entries=0, partial_exits=0
2026-04-14T16:49:02.858330706Z [inf]  [POLL-NORMAL] Cycle complete at 2026-04-14T16:47:09.045228+00:00
2026-04-14T16:49:02.858338219Z [inf]  [POLL-ACTIVE] Checking 4 active traders...
2026-04-14T16:49:02.862039232Z [inf]  [POLL-ACTIVE] Account balance: $44.99
2026-04-14T16:49:02.862048539Z [inf]  [POLL] 0xd13c1B0D56e2671C7eCa9BF3CDa75C86140602f4-1768221888770: API=16 positions, DB=16 tracked
2026-04-14T16:49:02.862055279Z [inf]  [POLL] 0xd13c1B0D56e2671C7eCa9BF3CDa75C86140602f4-1768221888770: new=0, exits=0, partial_entries=0, partial_exits=0
2026-04-14T16:49:02.862060665Z [inf]  [POLL] da4c07: API=5 positions, DB=5 tracked
2026-04-14T16:49:02.862066432Z [inf]  [POLL] da4c07: new=0, exits=0, partial_entries=0, partial_exits=0
2026-04-14T16:49:02.862072589Z [inf]  [POLL] bearbees2: API=29 positions, DB=29 tracked
2026-04-14T16:49:02.862154026Z [inf]  [POLL-ACTIVE] Account balance: $44.99
2026-04-14T16:49:02.862161376Z [inf]  [POLL] 0xd13c1B0D56e2671C7eCa9BF3CDa75C86140602f4-1768221888770: API=16 positions, DB=16 tracked
2026-04-14T16:49:02.862170994Z [inf]  [POLL] 0xd13c1B0D56e2671C7eCa9BF3CDa75C86140602f4-1768221888770: new=0, exits=0, partial_entries=0, partial_exits=0
2026-04-14T16:49:02.862179869Z [inf]  [POLL] da4c07: API=5 positions, DB=5 tracked
2026-04-14T16:49:02.862188334Z [inf]  [POLL] da4c07: new=0, exits=0, partial_entries=0, partial_exits=0
2026-04-14T16:49:02.862199697Z [inf]  [POLL] bearbees2: API=29 positions, DB=29 tracked
2026-04-14T16:49:02.862208431Z [inf]  [POLL] bearbees2: new=0, exits=0, partial_entries=0, partial_exits=0
2026-04-14T16:49:02.862216866Z [inf]  [POLL] Moond: API=39 positions, DB=39 tracked
2026-04-14T16:49:02.862223179Z [inf]  [POLL] Moond: new=0, exits=0, partial_entries=0, partial_exits=0
2026-04-14T16:49:02.862230493Z [inf]  [DIAG] needs_order gate: mode=active live_trading=False dry_run=True kill_switch_enabled=True
2026-04-14T16:49:02.862237835Z [inf]  [POLL-ACTIVE] Cycle complete at 2026-04-14T16:47:52.386297+00:00
2026-04-14T16:49:02.862245197Z [inf]  [SCORER] Processing trader 100/2633...
2026-04-14T16:49:02.862252656Z [inf]  [POLL-ACTIVE] Checking 4 active traders...
2026-04-14T16:49:02.866214820Z [inf]  [POLL] da4c07: API=5 positions, DB=5 tracked
2026-04-14T16:49:02.866237393Z [inf]  [POLL] da4c07: new=0, exits=0, partial_entries=0, partial_exits=0
2026-04-14T16:49:02.866247288Z [inf]  [POLL] KYLElusi: API=11 positions, DB=11 tracked
2026-04-14T16:49:02.866252164Z [inf]  [POLL] bearbees2: new=0, exits=0, partial_entries=0, partial_exits=0
2026-04-14T16:49:02.866257410Z [inf]  [POLL] KYLElusi: new=0, exits=0, partial_entries=0, partial_exits=0
2026-04-14T16:49:02.866260273Z [inf]  [POLL] Moond: API=39 positions, DB=39 tracked
2026-04-14T16:49:02.866267440Z [inf]  [POLL] bearbees2: API=29 positions, DB=29 tracked
2026-04-14T16:49:02.866268795Z [inf]  [POLL] Moond: new=0, exits=0, partial_entries=0, partial_exits=0
2026-04-14T16:49:02.866277002Z [inf]  [DIAG] needs_order gate: mode=active live_trading=False dry_run=True kill_switch_enabled=True
2026-04-14T16:49:02.866278377Z [inf]  [POLL] hell0pia: API=7 positions, DB=7 tracked
2026-04-14T16:49:02.866285195Z [inf]  [POLL-ACTIVE] Cycle complete at 2026-04-14T16:48:22.323744+00:00
2026-04-14T16:49:02.866288071Z [inf]  [POLL] hell0pia: new=0, exits=0, partial_entries=0, partial_exits=0
2026-04-14T16:49:02.866293901Z [inf]  [POLL-NORMAL] Checking 25 followed traders...
2026-04-14T16:49:02.866300701Z [inf]  [POLL-ACTIVE] Checking 4 active traders...
2026-04-14T16:49:02.866306600Z [inf]  [POLL] bearbees2: new=0, exits=0, partial_entries=0, partial_exits=0
2026-04-14T16:49:02.866311271Z [inf]  [POLL-ACTIVE] Account balance: $44.99
2026-04-14T16:49:02.866317860Z [inf]  [POLL] DrinkSarsi: API=11 positions, DB=11 tracked
2026-04-14T16:49:02.866324936Z [inf]  [POLL] DrinkSarsi: new=0, exits=0, partial_entries=0, partial_exits=0
2026-04-14T16:49:02.866332499Z [inf]  [POLL] 0xd13c1B0D56e2671C7eCa9BF3CDa75C86140602f4-1768221888770: API=16 positions, DB=16 tracked
2026-04-14T16:49:02.866339711Z [inf]  [POLL] 0xd13c1B0D56e2671C7eCa9BF3CDa75C86140602f4-1768221888770: new=0, exits=0, partial_entries=0, partial_exits=0
2026-04-14T16:49:02.869195280Z [inf]  [POLL] phdcapital: API=82 positions, DB=82 tracked
2026-04-14T16:49:02.869208895Z [inf]  [POLL] Moond: API=39 positions, DB=39 tracked
2026-04-14T16:49:02.869216129Z [inf]  [POLL] Moond: new=0, exits=0, partial_entries=0, partial_exits=0
2026-04-14T16:49:02.869223256Z [inf]  [DIAG] needs_order gate: mode=active live_trading=False dry_run=True kill_switch_enabled=True
2026-04-14T16:49:02.869230230Z [inf]  [POLL-ACTIVE] Cycle complete at 2026-04-14T16:48:52.305557+00:00
2026-04-14T16:49:02.869236997Z [inf]  [POLL] phdcapital: new=0, exits=0, partial_entries=0, partial_exits=0
2026-04-14T16:49:02.869245272Z [inf]  [POLL] Trump2028: API=22 positions, DB=22 tracked
2026-04-14T16:49:02.869254072Z [inf]  [POLL] Trump2028: new=0, exits=0, partial_entries=0, partial_exits=0
2026-04-14T16:49:02.869261232Z [inf]  [POLL] azzzzzzzzz: API=5 positions, DB=5 tracked
2026-04-14T16:49:02.869268056Z [inf]  [POLL] azzzzzzzzz: new=0, exits=0, partial_entries=0, partial_exits=0
2026-04-14T16:49:02.869275280Z [inf]  [POLL] dwpoker: API=125 positions, DB=125 tracked
2026-04-14T16:49:02.869281666Z [inf]  [POLL] dwpoker: new=0, exits=0, partial_entries=0, partial_exits=0
2026-04-14T16:49:02.869288463Z [inf]  [POLL] AI.AGENT.2026: API=12 positions, DB=12 tracked
2026-04-14T16:49:02.869295355Z [inf]  [POLL] AI.AGENT.2026: new=0, exits=0, partial_entries=0, partial_exits=0
2026-04-14T16:49:02.869301432Z [inf]  [POLL] CHISCARU: API=7 positions, DB=7 tracked
2026-04-14T16:49:02.869307724Z [inf]  [POLL] CHISCARU: new=0, exits=0, partial_entries=0, partial_exits=0
2026-04-14T16:49:02.869314541Z [inf]  [POLL] G.laila: API=39 positions, DB=39 tracked
2026-04-14T16:49:02.869320679Z [inf]  [POLL] G.laila: new=0, exits=0, partial_entries=0, partial_exits=0
2026-04-14T16:49:02.869325632Z [inf]  [POLL] 0xd13c1B0D56e2671C7eCa9BF3CDa75C86140602f4-1768221888770: API=16 positions, DB=16 tracked
2026-04-14T16:49:02.869330731Z [inf]  [POLL] 0xd13c1B0D56e2671C7eCa9BF3CDa75C86140602f4-1768221888770: new=0, exits=0, partial_entries=0, partial_exits=0
2026-04-14T16:49:02.872348119Z [inf]  [POLL] TylerTurden: API=15 positions, DB=15 tracked
2026-04-14T16:49:02.872366596Z [inf]  [POLL] TylerTurden: new=0, exits=0, partial_entries=0, partial_exits=0
2026-04-14T16:49:02.872380380Z [inf]  [POLL] da4c07: API=5 positions, DB=5 tracked
2026-04-14T16:49:02.872380732Z [inf]  [POLL] scottilicious: new=0, exits=0, partial_entries=0, partial_exits=0
2026-04-14T16:49:02.872391002Z [inf]  [POLL] 10000Bets: API=33 positions, DB=33 tracked
2026-04-14T16:49:02.872398404Z [inf]  [POLL] da4c07: new=0, exits=0, partial_entries=0, partial_exits=0
2026-04-14T16:49:02.872405990Z [inf]  [POLL] bearbees2: API=29 positions, DB=29 tracked
2026-04-14T16:49:02.872413813Z [inf]  [POLL] bearbees2: new=0, exits=0, partial_entries=0, partial_exits=0
2026-04-14T16:49:02.872421882Z [inf]  [POLL] 100x: API=44 positions, DB=44 tracked
2026-04-14T16:49:02.872429821Z [inf]  [POLL] 100x: new=0, exits=0, partial_entries=0, partial_exits=0
2026-04-14T16:49:02.872437321Z [inf]  [POLL] scottilicious: API=49 positions, DB=49 tracked
2026-04-14T16:49:13.173260918Z [inf]  [POLL] 10000Bets: new=0, exits=0, partial_entries=0, partial_exits=0
2026-04-14T16:52:24.551821375Z [inf]  [POLL] usddde: new=0, exits=0, partial_entries=0, partial_exits=0
2026-04-14T16:52:24.551843597Z [inf]  [POLL] zhudid: API=5 positions, DB=5 tracked
2026-04-14T16:52:24.551852723Z [inf]  [POLL] zhudid: new=0, exits=0, partial_entries=0, partial_exits=0
2026-04-14T16:52:24.551861129Z [inf]  [POLL] datawitch: API=11 positions, DB=11 tracked
2026-04-14T16:52:24.551916478Z [inf]  [POLL] datawitch: new=0, exits=0, partial_entries=0, partial_exits=0
2026-04-14T16:52:24.551925261Z [inf]  [POLL-ACTIVE] Checking 4 active traders...
2026-04-14T16:52:24.551925614Z [inf]  [POLL] 0x0B7A6030507efE5DB145FBB57a25Ba0C5f9d86cF-1770564924062: API=19 positions, DB=19 tracked
2026-04-14T16:52:24.551931491Z [inf]  
2026-04-14T16:52:24.551934983Z [inf]  [POLL] 0x0B7A6030507efE5DB145FBB57a25Ba0C5f9d86cF-1770564924062: new=0, exits=0, partial_entries=0, partial_exits=0
2026-04-14T16:52:24.551935040Z [inf]  [POLL-ACTIVE] Account balance: $44.99
2026-04-14T16:52:24.551940461Z [inf]  [POLL] Hashbrown: API=13 positions, DB=13 tracked
2026-04-14T16:52:24.551945006Z [inf]  [POLL-NORMAL] Cycle complete at 2026-04-14T16:49:10.556352+00:00
2026-04-14T16:52:24.551955302Z [inf]  [POLL] Hashbrown: new=0, exits=0, partial_entries=0, partial_exits=0
2026-04-14T16:52:24.551963686Z [inf]  [POLL] ng6000: API=500 positions, DB=500 tracked
2026-04-14T16:52:24.551970642Z [inf]  [POLL] ng6000: new=0, exits=0, partial_entries=0, partial_exits=0
2026-04-14T16:52:24.551979274Z [inf]  [POLL] Kickstand7: API=62 positions, DB=62 tracked
2026-04-14T16:52:24.551987570Z [inf]  [POLL] Kickstand7: new=0, exits=0, partial_entries=0, partial_exits=0
2026-04-14T16:52:24.551995054Z [inf]  [POLL] Moond: API=39 positions, DB=39 tracked
2026-04-14T16:52:24.552002058Z [inf]  [POLL] Moond: new=0, exits=0, partial_entries=0, partial_exits=0
2026-04-14T16:52:24.552008387Z [inf]  [POLL] usddde: API=12 positions, DB=12 tracked
2026-04-14T16:52:24.553367824Z [inf]  [POLL] 0xd13c1B0D56e2671C7eCa9BF3CDa75C86140602f4-1768221888770: new=0, exits=0, partial_entries=0, partial_exits=0
2026-04-14T16:52:24.553379158Z [inf]  [POLL] da4c07: API=5 positions, DB=5 tracked
2026-04-14T16:52:24.553385805Z [inf]  [POLL] da4c07: new=0, exits=0, partial_entries=0, partial_exits=0
2026-04-14T16:52:24.553400004Z [inf]  [POLL] bearbees2: API=29 positions, DB=29 tracked
2026-04-14T16:52:24.553405389Z [inf]  [POLL] bearbees2: new=0, exits=0, partial_entries=0, partial_exits=0
2026-04-14T16:52:24.553411338Z [inf]  [POLL] Moond: API=39 positions, DB=39 tracked
2026-04-14T16:52:24.553448160Z [inf]  [POLL] 0xd13c1B0D56e2671C7eCa9BF3CDa75C86140602f4-1768221888770: API=16 positions, DB=16 tracked
2026-04-14T16:52:24.553455678Z [inf]  [POLL] 0xd13c1B0D56e2671C7eCa9BF3CDa75C86140602f4-1768221888770: new=0, exits=0, partial_entries=0, partial_exits=0
2026-04-14T16:52:24.553463528Z [inf]  [POLL] da4c07: API=5 positions, DB=5 tracked
2026-04-14T16:52:24.553471931Z [inf]  [POLL] da4c07: new=0, exits=0, partial_entries=0, partial_exits=0
2026-04-14T16:52:24.553478648Z [inf]  [POLL] bearbees2: API=29 positions, DB=29 tracked
2026-04-14T16:52:24.553491072Z [inf]  [POLL] bearbees2: new=0, exits=0, partial_entries=0, partial_exits=0
2026-04-14T16:52:24.553498202Z [inf]  [POLL] Moond: API=39 positions, DB=39 tracked
2026-04-14T16:52:24.553505524Z [inf]  [POLL] Moond: new=0, exits=0, partial_entries=0, partial_exits=0
2026-04-14T16:52:24.553512455Z [inf]  [DIAG] needs_order gate: mode=active live_trading=False dry_run=True kill_switch_enabled=True
2026-04-14T16:52:24.553518627Z [inf]  [POLL-ACTIVE] Cycle complete at 2026-04-14T16:49:52.395928+00:00
2026-04-14T16:52:24.553524613Z [inf]  [POLL-ACTIVE] Checking 4 active traders...
2026-04-14T16:52:24.553530562Z [inf]  [POLL-ACTIVE] Account balance: $44.99
2026-04-14T16:52:24.553538482Z [inf]  [POLL] 0xd13c1B0D56e2671C7eCa9BF3CDa75C86140602f4-1768221888770: API=16 positions, DB=16 tracked
2026-04-14T16:52:24.556531607Z [inf]  [POLL] DrinkSarsi: API=11 positions, DB=11 tracked
2026-04-14T16:52:24.556540895Z [inf]  [POLL] DrinkSarsi: new=0, exits=0, partial_entries=0, partial_exits=0
2026-04-14T16:52:24.556548840Z [inf]  [POLL] 0xd13c1B0D56e2671C7eCa9BF3CDa75C86140602f4-1768221888770: API=16 positions, DB=16 tracked
2026-04-14T16:52:24.556556941Z [inf]  [POLL] KYLElusi: API=11 positions, DB=11 tracked
2026-04-14T16:52:24.556564605Z [inf]  [POLL] KYLElusi: new=0, exits=0, partial_entries=0, partial_exits=0
2026-04-14T16:52:24.556577744Z [inf]  [POLL] 0xd13c1B0D56e2671C7eCa9BF3CDa75C86140602f4-1768221888770: new=0, exits=0, partial_entries=0, partial_exits=0
2026-04-14T16:52:24.556586434Z [inf]  [POLL] hell0pia: API=7 positions, DB=7 tracked
2026-04-14T16:52:24.556593272Z [inf]  [POLL] da4c07: API=5 positions, DB=5 tracked
2026-04-14T16:52:24.556600742Z [inf]  [POLL] hell0pia: new=0, exits=0, partial_entries=0, partial_exits=0
2026-04-14T16:52:24.556607498Z [inf]  [POLL] da4c07: new=0, exits=0, partial_entries=0, partial_exits=0
2026-04-14T16:52:24.556613995Z [inf]  [POLL] phdcapital: API=82 positions, DB=82 tracked
2026-04-14T16:52:24.556621007Z [inf]  [POLL] bearbees2: API=29 positions, DB=29 tracked
2026-04-14T16:52:24.556629591Z [inf]  [POLL] bearbees2: new=0, exits=0, partial_entries=0, partial_exits=0
2026-04-14T16:52:24.556643281Z [inf]  [POLL] Moond: new=0, exits=0, partial_entries=0, partial_exits=0
2026-04-14T16:52:24.556644508Z [inf]  [POLL] phdcapital: new=0, exits=0, partial_entries=0, partial_exits=0
2026-04-14T16:52:24.556650285Z [inf]  [DIAG] needs_order gate: mode=active live_trading=False dry_run=True kill_switch_enabled=True
2026-04-14T16:52:24.556657659Z [inf]  [POLL-ACTIVE] Cycle complete at 2026-04-14T16:50:22.813516+00:00
2026-04-14T16:52:24.556664414Z [inf]  [POLL-NORMAL] Checking 25 followed traders...
2026-04-14T16:52:24.556733520Z [inf]  [POLL-ACTIVE] Checking 4 active traders...
2026-04-14T16:52:24.556742027Z [inf]  [POLL-ACTIVE] Account balance: $44.99
2026-04-14T16:52:24.568553955Z [inf]  [POLL] azzzzzzzzz: API=5 positions, DB=5 tracked
2026-04-14T16:52:24.568566224Z [inf]  [POLL] azzzzzzzzz: new=0, exits=0, partial_entries=0, partial_exits=0
2026-04-14T16:52:24.568580451Z [inf]  [POLL] dwpoker: API=125 positions, DB=125 tracked
2026-04-14T16:52:24.568583463Z [inf]  [POLL] Moond: API=39 positions, DB=39 tracked
2026-04-14T16:52:24.568590007Z [inf]  [POLL] dwpoker: new=0, exits=0, partial_entries=0, partial_exits=0
2026-04-14T16:52:24.568595628Z [inf]  [POLL] Trump2028: API=22 positions, DB=22 tracked
2026-04-14T16:52:24.568598925Z [inf]  [POLL] AI.AGENT.2026: API=12 positions, DB=12 tracked
2026-04-14T16:52:24.568606457Z [inf]  [POLL] Moond: new=0, exits=0, partial_entries=0, partial_exits=0
2026-04-14T16:52:24.568615029Z [inf]  [DIAG] needs_order gate: mode=active live_trading=False dry_run=True kill_switch_enabled=True
2026-04-14T16:52:24.568616369Z [inf]  [POLL] AI.AGENT.2026: new=0, exits=0, partial_entries=0, partial_exits=0
2026-04-14T16:52:24.568625946Z [inf]  [POLL] CHISCARU: API=7 positions, DB=7 tracked
2026-04-14T16:52:24.568626079Z [inf]  [POLL-ACTIVE] Cycle complete at 2026-04-14T16:50:52.504182+00:00
2026-04-14T16:52:24.568634288Z [inf]  [POLL] CHISCARU: new=0, exits=0, partial_entries=0, partial_exits=0
2026-04-14T16:52:24.568637799Z [inf]  [POLL] Trump2028: new=0, exits=0, partial_entries=0, partial_exits=0
2026-04-14T16:52:24.568642624Z [inf]  [POLL] G.laila: API=39 positions, DB=39 tracked
2026-04-14T16:52:24.568650207Z [inf]  [POLL] G.laila: new=0, exits=0, partial_entries=0, partial_exits=0
2026-04-14T16:52:24.568656757Z [inf]  [POLL] 0xd13c1B0D56e2671C7eCa9BF3CDa75C86140602f4-1768221888770: API=16 positions, DB=16 tracked
2026-04-14T16:52:24.568664527Z [inf]  [POLL] 0xd13c1B0D56e2671C7eCa9BF3CDa75C86140602f4-1768221888770: new=0, exits=0, partial_entries=0, partial_exits=0
2026-04-14T16:52:24.568685888Z [inf]  [POLL] TylerTurden: API=15 positions, DB=15 tracked
2026-04-14T16:52:24.570788226Z [inf]  [POLL] TylerTurden: new=0, exits=0, partial_entries=0, partial_exits=0
2026-04-14T16:52:24.570799626Z [inf]  [POLL] da4c07: API=5 positions, DB=5 tracked
2026-04-14T16:52:24.570806555Z [inf]  [POLL] da4c07: new=0, exits=0, partial_entries=0, partial_exits=0
2026-04-14T16:52:24.570813931Z [inf]  [POLL] bearbees2: API=29 positions, DB=29 tracked
2026-04-14T16:52:24.570821048Z [inf]  [POLL] bearbees2: new=0, exits=0, partial_entries=0, partial_exits=0
2026-04-14T16:52:24.570829667Z [inf]  [POLL] 100x: API=44 positions, DB=44 tracked
2026-04-14T16:52:24.570836633Z [inf]  [POLL] 100x: new=0, exits=0, partial_entries=0, partial_exits=0
2026-04-14T16:52:24.570843721Z [inf]  [POLL] scottilicious: API=49 positions, DB=49 tracked
2026-04-14T16:52:24.570849965Z [inf]  [POLL] scottilicious: new=0, exits=0, partial_entries=0, partial_exits=0
2026-04-14T16:52:24.570857252Z [inf]  [POLL] 10000Bets: API=33 positions, DB=33 tracked
2026-04-14T16:52:24.570863066Z [inf]  [POLL] 10000Bets: new=0, exits=0, partial_entries=0, partial_exits=0
2026-04-14T16:52:24.570869612Z [inf]  [POLL] Hashbrown: API=13 positions, DB=13 tracked
2026-04-14T16:52:24.570876428Z [inf]  [POLL] Hashbrown: new=0, exits=0, partial_entries=0, partial_exits=0
2026-04-14T16:52:24.570882385Z [inf]  [POLL] ng6000: API=500 positions, DB=500 tracked
2026-04-14T16:52:24.570888216Z [inf]  [POLL] ng6000: new=0, exits=0, partial_entries=0, partial_exits=0
2026-04-14T16:52:24.570894142Z [inf]  [POLL] Kickstand7: API=62 positions, DB=62 tracked
2026-04-14T16:52:24.570900975Z [inf]  [POLL] Kickstand7: new=0, exits=0, partial_entries=0, partial_exits=0
2026-04-14T16:52:24.570905687Z [inf]  [POLL] Moond: API=39 positions, DB=39 tracked
2026-04-14T16:52:24.570909919Z [inf]  [POLL] Moond: new=0, exits=0, partial_entries=0, partial_exits=0
2026-04-14T16:52:24.570917628Z [inf]  [POLL] usddde: API=12 positions, DB=12 tracked
2026-04-14T16:52:24.574936093Z [inf]  [POLL] 0xd13c1B0D56e2671C7eCa9BF3CDa75C86140602f4-1768221888770: API=16 positions, DB=16 tracked
2026-04-14T16:52:24.574938636Z [inf]  [POLL] usddde: new=0, exits=0, partial_entries=0, partial_exits=0
2026-04-14T16:52:24.574948189Z [inf]  [POLL] 0xd13c1B0D56e2671C7eCa9BF3CDa75C86140602f4-1768221888770: new=0, exits=0, partial_entries=0, partial_exits=0
2026-04-14T16:52:24.574949570Z [inf]  [POLL] zhudid: API=5 positions, DB=5 tracked
2026-04-14T16:52:24.574956888Z [inf]  [POLL] da4c07: API=5 positions, DB=5 tracked
2026-04-14T16:52:24.574964343Z [inf]  [POLL] da4c07: new=0, exits=0, partial_entries=0, partial_exits=0
2026-04-14T16:52:24.574965376Z [inf]  [POLL] zhudid: new=0, exits=0, partial_entries=0, partial_exits=0
2026-04-14T16:52:24.574973798Z [inf]  [POLL] bearbees2: API=29 positions, DB=29 tracked
2026-04-14T16:52:24.574973906Z [inf]  [POLL] datawitch: API=11 positions, DB=11 tracked
2026-04-14T16:52:24.574980683Z [inf]  [POLL] datawitch: new=0, exits=0, partial_entries=0, partial_exits=0
2026-04-14T16:52:24.574983261Z [inf]  [POLL] bearbees2: new=0, exits=0, partial_entries=0, partial_exits=0
2026-04-14T16:52:24.574986906Z [inf]  [POLL] 0x0B7A6030507efE5DB145FBB57a25Ba0C5f9d86cF-1770564924062: API=19 positions, DB=19 tracked
2026-04-14T16:52:24.574991189Z [inf]  [POLL] Moond: API=39 positions, DB=39 tracked
2026-04-14T16:52:24.574995645Z [inf]  [POLL] 0x0B7A6030507efE5DB145FBB57a25Ba0C5f9d86cF-1770564924062: new=0, exits=0, partial_entries=0, partial_exits=0
2026-04-14T16:52:24.574999834Z [inf]  [POLL] Moond: new=0, exits=0, partial_entries=0, partial_exits=0
2026-04-14T16:52:24.575003140Z [inf]  [POLL-NORMAL] Cycle complete at 2026-04-14T16:51:09.306597+00:00
2026-04-14T16:52:24.575009173Z [inf]  [SCORER] Processing trader 125/2633...
2026-04-14T16:52:24.575016716Z [inf]  [POLL-ACTIVE] Checking 4 active traders...
2026-04-14T16:52:24.575025420Z [inf]  [POLL-ACTIVE] Account balance: $44.99
2026-04-14T16:52:24.578876672Z [inf]  [DIAG] needs_order gate: mode=active live_trading=False dry_run=True kill_switch_enabled=True
2026-04-14T16:52:24.578888114Z [inf]  [POLL-ACTIVE] Cycle complete at 2026-04-14T16:51:52.321377+00:00
2026-04-14T16:52:24.578895649Z [inf]  [POLL-ACTIVE] Checking 4 active traders...
2026-04-14T16:52:24.578902630Z [inf]  [POLL-ACTIVE] Account balance: $44.99
2026-04-14T16:52:24.578909563Z [inf]  [POLL] 0xd13c1B0D56e2671C7eCa9BF3CDa75C86140602f4-1768221888770: API=16 positions, DB=16 tracked
2026-04-14T16:52:24.578921532Z [inf]  [POLL] 0xd13c1B0D56e2671C7eCa9BF3CDa75C86140602f4-1768221888770: new=0, exits=0, partial_entries=0, partial_exits=0
2026-04-14T16:52:24.578927569Z [inf]  [POLL] da4c07: API=5 positions, DB=5 tracked
2026-04-14T16:52:24.578934227Z [inf]  [POLL] da4c07: new=0, exits=0, partial_entries=0, partial_exits=0
2026-04-14T16:52:24.578940461Z [inf]  [POLL] bearbees2: API=29 positions, DB=29 tracked
2026-04-14T16:52:24.578946879Z [inf]  [POLL] bearbees2: new=0, exits=0, partial_entries=0, partial_exits=0
2026-04-14T16:52:24.578952795Z [inf]  [POLL] Moond: API=39 positions, DB=39 tracked
2026-04-14T16:52:24.578958991Z [inf]  [POLL] Moond: new=0, exits=0, partial_entries=0, partial_exits=0
2026-04-14T16:52:35.173053433Z [inf]  [DIAG] needs_order gate: mode=active live_trading=False dry_run=True kill_switch_enabled=True